#
# There is insufficient memory for the Java Runtime Environment to continue.
# Native memory allocation (mmap) failed to map 549453824 bytes for committing reserved memory.
# Possible reasons:
#   The system is out of physical RAM or swap space
#   The process is running with CompressedOops enabled, and the Java Heap may be blocking the growth of the native heap
# Possible solutions:
#   Reduce memory load on the system
#   Increase physical memory or swap space
#   Check if swap backing store is full
#   Decrease Java heap size (-Xmx/-Xms)
#   Decrease number of Java threads
#   Decrease Java thread stack sizes (-Xss)
#   Set larger code cache with -XX:ReservedCodeCacheSize=
#   JVM is running with Unscaled Compressed Oops mode in which the Java heap is
#     placed in the first 4GB address space. The Java Heap base address is the
#     maximum limit for the native heap growth. Please use -XX:HeapBaseMinAddress
#     to set the Java Heap base and to place the Java Heap above 4GB virtual address.
# This output file may be truncated or incomplete.
#
#  Out of Memory Error (os_linux.cpp:2725), pid=31001, tid=31012
#
# JRE version: Java(TM) SE Runtime Environment (11.0.6+8) (build 11.0.6+8-LTS)
# Java VM: Java HotSpot(TM) 64-Bit Server VM (11.0.6+8-LTS, mixed mode, tiered, compressed oops, g1 gc, linux-amd64)
# Core dump will be written. Default location: Core dumps may be processed with "/usr/share/apport/apport %p %s %c %d %P" (or dumping to /home/altius/NetBeansProjects/fasp-api/core.31001)
#

---------------  S U M M A R Y ------------

Command Line: cc.altius.FASP.WebApplication

Host: Intel(R) Core(TM) i5-8265U CPU @ 1.60GHz, 8 cores, 7G, Ubuntu 18.04.3 LTS
Time: Thu Sep  3 17:21:40 2020 IST elapsed time: 12939 seconds (0d 3h 35m 39s)

---------------  T H R E A D  ---------------

Current thread (0x00007f8c5c159800):  VMThread "VM Thread" [stack: 0x00007f8c60067000,0x00007f8c60167000] [id=31012]

Stack: [0x00007f8c60067000,0x00007f8c60167000],  sp=0x00007f8c60164df0,  free space=1015k
Native frames: (J=compiled Java code, A=aot compiled Java code, j=interpreted, Vv=VM code, C=native code)
V  [libjvm.so+0xe2ae23]  VMError::report_and_die(int, char const*, char const*, __va_list_tag*, Thread*, unsigned char*, void*, void*, char const*, int, unsigned long)+0x353
V  [libjvm.so+0xe2ba8b]  VMError::report_and_die(Thread*, char const*, int, unsigned long, VMErrorType, char const*, __va_list_tag*)+0x2b
V  [libjvm.so+0x6985d5]  report_vm_out_of_memory(char const*, int, unsigned long, VMErrorType, char const*, ...)+0xd5
V  [libjvm.so+0xc03a38]  os::pd_commit_memory_or_exit(char*, unsigned long, unsigned long, bool, char const*)+0x108
V  [libjvm.so+0xbfaf7d]  os::commit_memory_or_exit(char*, unsigned long, unsigned long, bool, char const*)+0x1d
V  [libjvm.so+0x7b146c]  G1PageBasedVirtualSpace::commit_preferred_pages(unsigned long, unsigned long)+0x6c
V  [libjvm.so+0x7b170e]  G1PageBasedVirtualSpace::commit(unsigned long, unsigned long)+0x5e
V  [libjvm.so+0x7bd4e0]  G1RegionsLargerThanCommitSizeMapper::commit_regions(unsigned int, unsigned long, WorkGang*)+0x40
V  [libjvm.so+0x839239]  HeapRegionManager::commit_regions(unsigned int, unsigned long, WorkGang*)+0x89
V  [libjvm.so+0x839e8f]  HeapRegionManager::make_regions_available(unsigned int, unsigned int, WorkGang*)+0x3f
V  [libjvm.so+0x83a319]  HeapRegionManager::expand_at(unsigned int, unsigned int, WorkGang*) [clone .part.44]+0x119
V  [libjvm.so+0x775bff]  G1CollectedHeap::expand(unsigned long, WorkGang*, double*)+0xdf
V  [libjvm.so+0x77a9ca]  G1CollectedHeap::do_collection_pause_at_safepoint(double)+0xa9a
V  [libjvm.so+0xe36cd1]  VM_G1CollectForAllocation::doit()+0x81
V  [libjvm.so+0xe35867]  VM_Operation::evaluate()+0xe7
V  [libjvm.so+0xe3305f]  VMThread::evaluate_operation(VM_Operation*) [clone .constprop.54]+0xff
V  [libjvm.so+0xe33596]  VMThread::loop()+0x3e6
V  [libjvm.so+0xe339d3]  VMThread::run()+0x73
V  [libjvm.so+0xdc234a]  Thread::call_run()+0x13a
V  [libjvm.so+0xc098fe]  thread_native_entry(Thread*)+0xee

VM_Operation (0x00007f8be90e6f70): G1CollectForAllocation, mode: safepoint, requested by thread 0x00007f8bf1391800


---------------  P R O C E S S  ---------------

Threads class SMR info:
_java_thread_list=0x00007f8bf04ea460, length=43, elements={
0x00007f8c5c162000, 0x00007f8c5c166000, 0x00007f8c5c178800, 0x00007f8c5c17a800,
0x00007f8c5c17d000, 0x00007f8c5c17f000, 0x00007f8c5c200000, 0x00007f8c5c20f800,
0x00007f8bf09fd800, 0x00007f8bf0a7b000, 0x00007f8bf0756800, 0x00007f8bc4002000,
0x00007f8bf0763000, 0x00007f8bf1374000, 0x00007f8bf1378000, 0x00007f8bf1363800,
0x00007f8bf1364800, 0x00007f8bf138b000, 0x00007f8bf138c000, 0x00007f8bf138d000,
0x00007f8bf138e000, 0x00007f8bf138f000, 0x00007f8bf1390000, 0x00007f8bf1391800,
0x00007f8bf1392800, 0x00007f8bf1393800, 0x00007f8bf1395000, 0x00007f8bf1398800,
0x00007f8bf139e800, 0x00007f8bf139f800, 0x00007f8bf13a1800, 0x00007f8bf13a3000,
0x00007f8bf13a5000, 0x00007f8bf13a6800, 0x00007f8bf13a9000, 0x00007f8bf13ab000,
0x00007f8bf13ad000, 0x00007f8bf13af000, 0x00007f8bf13b1000, 0x00007f8bf13b6000,
0x00007f8bf13b8000, 0x00007f8bf1476000, 0x00007f8c5c014000
}

Java Threads: ( => current thread )
  0x00007f8c5c162000 JavaThread "Reference Handler" daemon [_thread_blocked, id=31013, stack(0x00007f8c442e0000,0x00007f8c443e1000)]
  0x00007f8c5c166000 JavaThread "Finalizer" daemon [_thread_blocked, id=31014, stack(0x00007f8c441df000,0x00007f8c442e0000)]
  0x00007f8c5c178800 JavaThread "Signal Dispatcher" daemon [_thread_blocked, id=31015, stack(0x00007f8c440de000,0x00007f8c441df000)]
  0x00007f8c5c17a800 JavaThread "C2 CompilerThread0" daemon [_thread_in_native, id=31016, stack(0x00007f8c3c1af000,0x00007f8c3c2b0000)]
  0x00007f8c5c17d000 JavaThread "C1 CompilerThread0" daemon [_thread_blocked, id=31017, stack(0x00007f8c3c0ae000,0x00007f8c3c1af000)]
  0x00007f8c5c17f000 JavaThread "Sweeper thread" daemon [_thread_blocked, id=31018, stack(0x00007f8c35530000,0x00007f8c35631000)]
  0x00007f8c5c200000 JavaThread "Service Thread" daemon [_thread_blocked, id=31019, stack(0x00007f8c3542f000,0x00007f8c35530000)]
  0x00007f8c5c20f800 JavaThread "Common-Cleaner" daemon [_thread_blocked, id=31021, stack(0x00007f8c3522c000,0x00007f8c3532d000)]
  0x00007f8bf09fd800 JavaThread "ajp-nio-127.0.0.1-8109-BlockPoller" daemon [_thread_in_native, id=31034, stack(0x00007f8bebeff000,0x00007f8bec000000)]
  0x00007f8bf0a7b000 JavaThread "mysql-cj-abandoned-connection-cleanup" daemon [_thread_blocked, id=31035, stack(0x00007f8be9af1000,0x00007f8be9bf2000)]
  0x00007f8bf0756800 JavaThread "Catalina-utility-1" [_thread_blocked, id=31036, stack(0x00007f8be97f0000,0x00007f8be98f1000)]
  0x00007f8bc4002000 JavaThread "Catalina-utility-2" [_thread_blocked, id=31037, stack(0x00007f8be96ef000,0x00007f8be97f0000)]
  0x00007f8bf0763000 JavaThread "container-0" [_thread_blocked, id=31038, stack(0x00007f8be95ee000,0x00007f8be96ef000)]
  0x00007f8bf1374000 JavaThread "File Watcher" daemon [_thread_blocked, id=31081, stack(0x00007f8be8dea000,0x00007f8be8eeb000)]
  0x00007f8bf1378000 JavaThread "Live Reload Server" daemon [_thread_in_native, id=31083, stack(0x00007f8be8ae7000,0x00007f8be8be8000)]
  0x00007f8bf1363800 JavaThread "scheduling-1" [_thread_blocked, id=31084, stack(0x00007f8be8be8000,0x00007f8be8ce9000)]
  0x00007f8bf1364800 JavaThread "http-nio-8084-BlockPoller" daemon [_thread_in_native, id=31085, stack(0x00007f8be86e3000,0x00007f8be87e4000)]
  0x00007f8bf138b000 JavaThread "http-nio-8084-exec-1" daemon [_thread_blocked, id=31086, stack(0x00007f8be8ce9000,0x00007f8be8dea000)]
  0x00007f8bf138c000 JavaThread "http-nio-8084-exec-2" daemon [_thread_blocked, id=31087, stack(0x00007f8be88e5000,0x00007f8be89e6000)]
  0x00007f8bf138d000 JavaThread "http-nio-8084-exec-3" daemon [_thread_blocked, id=31088, stack(0x00007f8be89e6000,0x00007f8be8ae7000)]
  0x00007f8bf138e000 JavaThread "http-nio-8084-exec-4" daemon [_thread_blocked, id=31089, stack(0x00007f8be83e0000,0x00007f8be84e1000)]
  0x00007f8bf138f000 JavaThread "http-nio-8084-exec-5" daemon [_thread_blocked, id=31090, stack(0x00007f8be8eeb000,0x00007f8be8fec000)]
  0x00007f8bf1390000 JavaThread "http-nio-8084-exec-6" daemon [_thread_blocked, id=31091, stack(0x00007f8be90ed000,0x00007f8be91ee000)]
  0x00007f8bf1391800 JavaThread "http-nio-8084-exec-7" daemon [_thread_blocked, id=31092, stack(0x00007f8be8fec000,0x00007f8be90ed000)]
  0x00007f8bf1392800 JavaThread "http-nio-8084-exec-8" daemon [_thread_blocked, id=31093, stack(0x00007f8be87e4000,0x00007f8be88e5000)]
  0x00007f8bf1393800 JavaThread "http-nio-8084-exec-9" daemon [_thread_blocked, id=31094, stack(0x00007f8be84e1000,0x00007f8be85e2000)]
  0x00007f8bf1395000 JavaThread "http-nio-8084-exec-10" daemon [_thread_blocked, id=31095, stack(0x00007f8be85e2000,0x00007f8be86e3000)]
  0x00007f8bf1398800 JavaThread "http-nio-8084-ClientPoller" daemon [_thread_in_native, id=31096, stack(0x00007f8be80df000,0x00007f8be81e0000)]
  0x00007f8bf139e800 JavaThread "http-nio-8084-Acceptor" daemon [_thread_in_native, id=31097, stack(0x00007f8b8bcff000,0x00007f8b8be00000)]
  0x00007f8bf139f800 JavaThread "ajp-nio-127.0.0.1-8109-exec-1" daemon [_thread_blocked, id=31098, stack(0x00007f8b8bbfe000,0x00007f8b8bcff000)]
  0x00007f8bf13a1800 JavaThread "ajp-nio-127.0.0.1-8109-exec-2" daemon [_thread_blocked, id=31099, stack(0x00007f8b8bafd000,0x00007f8b8bbfe000)]
  0x00007f8bf13a3000 JavaThread "ajp-nio-127.0.0.1-8109-exec-3" daemon [_thread_blocked, id=31100, stack(0x00007f8b8b9fc000,0x00007f8b8bafd000)]
  0x00007f8bf13a5000 JavaThread "ajp-nio-127.0.0.1-8109-exec-4" daemon [_thread_blocked, id=31101, stack(0x00007f8b8b8fb000,0x00007f8b8b9fc000)]
  0x00007f8bf13a6800 JavaThread "ajp-nio-127.0.0.1-8109-exec-5" daemon [_thread_blocked, id=31102, stack(0x00007f8b8b513000,0x00007f8b8b614000)]
  0x00007f8bf13a9000 JavaThread "ajp-nio-127.0.0.1-8109-exec-6" daemon [_thread_blocked, id=31103, stack(0x00007f8b8b412000,0x00007f8b8b513000)]
  0x00007f8bf13ab000 JavaThread "ajp-nio-127.0.0.1-8109-exec-7" daemon [_thread_blocked, id=31104, stack(0x00007f8b8b311000,0x00007f8b8b412000)]
  0x00007f8bf13ad000 JavaThread "ajp-nio-127.0.0.1-8109-exec-8" daemon [_thread_blocked, id=31105, stack(0x00007f8b8b210000,0x00007f8b8b311000)]
  0x00007f8bf13af000 JavaThread "ajp-nio-127.0.0.1-8109-exec-9" daemon [_thread_blocked, id=31106, stack(0x00007f8b8b10f000,0x00007f8b8b210000)]
  0x00007f8bf13b1000 JavaThread "ajp-nio-127.0.0.1-8109-exec-10" daemon [_thread_blocked, id=31107, stack(0x00007f8b8b00e000,0x00007f8b8b10f000)]
  0x00007f8bf13b6000 JavaThread "ajp-nio-127.0.0.1-8109-ClientPoller" daemon [_thread_in_native, id=31108, stack(0x00007f8b8af0d000,0x00007f8b8b00e000)]
  0x00007f8bf13b8000 JavaThread "ajp-nio-127.0.0.1-8109-Acceptor" daemon [_thread_in_native, id=31109, stack(0x00007f8b8ae0c000,0x00007f8b8af0d000)]
  0x00007f8bf1476000 JavaThread "faspPool housekeeper" daemon [_thread_blocked, id=31110, stack(0x00007f8b8ab0b000,0x00007f8b8ac0c000)]
  0x00007f8c5c014000 JavaThread "DestroyJavaVM" [_thread_blocked, id=31002, stack(0x00007f8c65cfe000,0x00007f8c65dff000)]

Other Threads:
=>0x00007f8c5c159800 VMThread "VM Thread" [stack: 0x00007f8c60067000,0x00007f8c60167000] [id=31012]
  0x00007f8c5c208800 WatcherThread [stack: 0x00007f8c3532f000,0x00007f8c3542f000] [id=31020]
  0x00007f8c5c03c000 GCTaskThread "GC Thread#0" [stack: 0x00007f8c62204000,0x00007f8c62304000] [id=31003]
  0x00007f8c28001000 GCTaskThread "GC Thread#1" [stack: 0x00007f8c345f7000,0x00007f8c346f7000] [id=31023]
  0x00007f8c28002800 GCTaskThread "GC Thread#2" [stack: 0x00007f8c344f5000,0x00007f8c345f5000] [id=31024]
  0x00007f8c28004000 GCTaskThread "GC Thread#3" [stack: 0x00007f8c343f3000,0x00007f8c344f3000] [id=31025]
  0x00007f8c28007800 GCTaskThread "GC Thread#4" [stack: 0x00007f8beb5ff000,0x00007f8beb6ff000] [id=31028]
  0x00007f8c28008800 GCTaskThread "GC Thread#5" [stack: 0x00007f8beb4fd000,0x00007f8beb5fd000] [id=31029]
  0x00007f8c2800a000 GCTaskThread "GC Thread#6" [stack: 0x00007f8beb3fb000,0x00007f8beb4fb000] [id=31030]
  0x00007f8c2800c000 GCTaskThread "GC Thread#7" [stack: 0x00007f8beb2f9000,0x00007f8beb3f9000] [id=31031]
  0x00007f8c5c06d000 ConcurrentGCThread "G1 Main Marker" [stack: 0x00007f8c60d7b000,0x00007f8c60e7b000] [id=31004]
  0x00007f8c5c06f000 ConcurrentGCThread "G1 Conc#0" [stack: 0x00007f8c60c79000,0x00007f8c60d79000] [id=31005]
  0x00007f8c38001000 ConcurrentGCThread "G1 Conc#1" [stack: 0x00007f8beb1f7000,0x00007f8beb2f7000] [id=31032]
  0x00007f8c5c0f7800 ConcurrentGCThread "G1 Refine#0" [stack: 0x00007f8c6036f000,0x00007f8c6046f000] [id=31006]
  0x00007f8c5c0f9800 ConcurrentGCThread "G1 Young RemSet Sampling" [stack: 0x00007f8c6026d000,0x00007f8c6036d000] [id=31007]

Threads with active compile tasks:
C2 CompilerThread014747       4       cc.altius.FASP.model.rowMapper.ProcurementUnitRowMapper::mapRow (615 bytes)

VM state:at safepoint (normal execution)

VM Mutex/Monitor currently owned by a thread:  ([mutex/lock_event])
[0x00007f8c5c010540] Threads_lock - owner thread: 0x00007f8c5c159800
[0x00007f8c5c010c90] Heap_lock - owner thread: 0x00007f8bf1391800

Heap address: 0x0000000085600000, size: 1962 MB, Compressed Oops mode: 32-bit
Narrow klass base: 0x0000000000000000, Narrow klass shift: 3
Compressed class space size: 1073741824 Address: 0x0000000100000000

Heap:
 garbage-first heap   total 821248K, used 226456K [0x0000000085600000, 0x0000000100000000)
  region size 1024K, 3 young (3072K), 3 survivors (3072K)
 Metaspace       used 72357K, capacity 74584K, committed 74624K, reserved 1116160K
  class space    used 7993K, capacity 8797K, committed 8832K, reserved 1048576K
Heap Regions: E=young(eden), S=young(survivor), O=old, HS=humongous(starts), HC=humongous(continues), CS=collection set, F=free, A=archive, TAMS=top-at-mark-start (previous, next)
|   0|0x0000000085600000, 0x0000000085700000, 0x0000000085700000|100%|HS|  |TAMS 0x0000000085700000, 0x0000000085600000| Complete 
|   1|0x0000000085700000, 0x0000000085800000, 0x0000000085800000|100%| O|  |TAMS 0x0000000085800000, 0x0000000085700000| Untracked 
|   2|0x0000000085800000, 0x0000000085900000, 0x0000000085900000|100%| O|  |TAMS 0x0000000085900000, 0x0000000085800000| Untracked 
|   3|0x0000000085900000, 0x0000000085a00000, 0x0000000085a00000|100%| O|  |TAMS 0x0000000085a00000, 0x0000000085900000| Untracked 
|   4|0x0000000085a00000, 0x0000000085b00000, 0x0000000085b00000|100%| O|  |TAMS 0x0000000085b00000, 0x0000000085a00000| Untracked 
|   5|0x0000000085b00000, 0x0000000085c00000, 0x0000000085c00000|100%| O|  |TAMS 0x0000000085c00000, 0x0000000085b00000| Untracked 
|   6|0x0000000085c00000, 0x0000000085d00000, 0x0000000085d00000|100%| O|  |TAMS 0x0000000085d00000, 0x0000000085c00000| Complete 
|   7|0x0000000085d00000, 0x0000000085e00000, 0x0000000085e00000|100%| O|  |TAMS 0x0000000085e00000, 0x0000000085d00000| Complete 
|   8|0x0000000085e00000, 0x0000000085f00000, 0x0000000085f00000|100%| O|  |TAMS 0x0000000085f00000, 0x0000000085e00000| Complete 
|   9|0x0000000085f00000, 0x0000000086000000, 0x0000000086000000|100%| O|  |TAMS 0x0000000086000000, 0x0000000085f00000| Complete 
|  10|0x0000000086000000, 0x0000000086100000, 0x0000000086100000|100%| O|  |TAMS 0x0000000086100000, 0x0000000086000000| Complete 
|  11|0x0000000086100000, 0x0000000086200000, 0x0000000086200000|100%| O|  |TAMS 0x0000000086200000, 0x0000000086100000| Complete 
|  12|0x0000000086200000, 0x0000000086300000, 0x0000000086300000|100%| O|  |TAMS 0x0000000086300000, 0x0000000086200000| Complete 
|  13|0x0000000086300000, 0x0000000086400000, 0x0000000086400000|100%| O|  |TAMS 0x0000000086400000, 0x0000000086300000| Complete 
|  14|0x0000000086400000, 0x0000000086500000, 0x0000000086500000|100%| O|  |TAMS 0x0000000086500000, 0x0000000086400000| Complete 
|  15|0x0000000086500000, 0x0000000086600000, 0x0000000086600000|100%| O|  |TAMS 0x0000000086600000, 0x0000000086500000| Complete 
|  16|0x0000000086600000, 0x0000000086700000, 0x0000000086700000|100%| O|  |TAMS 0x0000000086700000, 0x0000000086600000| Complete 
|  17|0x0000000086700000, 0x0000000086800000, 0x0000000086800000|100%| O|  |TAMS 0x0000000086800000, 0x0000000086700000| Complete 
|  18|0x0000000086800000, 0x0000000086900000, 0x0000000086900000|100%| O|  |TAMS 0x0000000086900000, 0x0000000086800000| Complete 
|  19|0x0000000086900000, 0x0000000086a00000, 0x0000000086a00000|100%| O|  |TAMS 0x0000000086a00000, 0x0000000086900000| Complete 
|  20|0x0000000086a00000, 0x0000000086b00000, 0x0000000086b00000|100%| O|  |TAMS 0x0000000086b00000, 0x0000000086a00000| Complete 
|  21|0x0000000086b00000, 0x0000000086c00000, 0x0000000086c00000|100%| O|  |TAMS 0x0000000086c00000, 0x0000000086b00000| Complete 
|  22|0x0000000086c00000, 0x0000000086d00000, 0x0000000086d00000|100%| O|  |TAMS 0x0000000086d00000, 0x0000000086c00000| Complete 
|  23|0x0000000086d00000, 0x0000000086e00000, 0x0000000086e00000|100%| O|  |TAMS 0x0000000086e00000, 0x0000000086d00000| Complete 
|  24|0x0000000086e00000, 0x0000000086f00000, 0x0000000086f00000|100%| O|  |TAMS 0x0000000086f00000, 0x0000000086e00000| Untracked 
|  25|0x0000000086f00000, 0x0000000087000000, 0x0000000087000000|100%| O|  |TAMS 0x0000000087000000, 0x0000000086f00000| Untracked 
|  26|0x0000000087000000, 0x0000000087100000, 0x0000000087100000|100%| O|  |TAMS 0x0000000087100000, 0x0000000087000000| Complete 
|  27|0x0000000087100000, 0x0000000087200000, 0x0000000087200000|100%| O|  |TAMS 0x0000000087200000, 0x0000000087100000| Complete 
|  28|0x0000000087200000, 0x0000000087300000, 0x0000000087300000|100%| O|  |TAMS 0x0000000087300000, 0x0000000087200000| Complete 
|  29|0x0000000087300000, 0x0000000087400000, 0x0000000087400000|100%| O|  |TAMS 0x0000000087400000, 0x0000000087300000| Complete 
|  30|0x0000000087400000, 0x0000000087500000, 0x0000000087500000|100%| O|  |TAMS 0x0000000087500000, 0x0000000087400000| Complete 
|  31|0x0000000087500000, 0x0000000087600000, 0x0000000087600000|100%| O|  |TAMS 0x0000000087600000, 0x0000000087500000| Complete 
|  32|0x0000000087600000, 0x0000000087700000, 0x0000000087700000|100%| O|  |TAMS 0x0000000087700000, 0x0000000087600000| Untracked 
|  33|0x0000000087700000, 0x0000000087800000, 0x0000000087800000|100%| O|  |TAMS 0x0000000087800000, 0x0000000087700000| Complete 
|  34|0x0000000087800000, 0x0000000087900000, 0x0000000087900000|100%| O|  |TAMS 0x0000000087900000, 0x0000000087800000| Complete 
|  35|0x0000000087900000, 0x0000000087a00000, 0x0000000087a00000|100%| O|  |TAMS 0x0000000087a00000, 0x0000000087900000| Untracked 
|  36|0x0000000087a00000, 0x0000000087b00000, 0x0000000087b00000|100%|HS|  |TAMS 0x0000000087b00000, 0x0000000087a00000| Complete 
|  37|0x0000000087b00000, 0x0000000087c00000, 0x0000000087c00000|100%|HC|  |TAMS 0x0000000087c00000, 0x0000000087b00000| Complete 
|  38|0x0000000087c00000, 0x0000000087d00000, 0x0000000087d00000|100%|HC|  |TAMS 0x0000000087d00000, 0x0000000087c00000| Complete 
|  39|0x0000000087d00000, 0x0000000087e00000, 0x0000000087e00000|100%|HC|  |TAMS 0x0000000087e00000, 0x0000000087d00000| Complete 
|  40|0x0000000087e00000, 0x0000000087f00000, 0x0000000087f00000|100%|HC|  |TAMS 0x0000000087f00000, 0x0000000087e00000| Complete 
|  41|0x0000000087f00000, 0x0000000088000000, 0x0000000088000000|100%|HC|  |TAMS 0x0000000088000000, 0x0000000087f00000| Complete 
|  42|0x0000000088000000, 0x0000000088100000, 0x0000000088100000|100%|HS|  |TAMS 0x0000000088100000, 0x0000000088000000| Untracked 
|  43|0x0000000088100000, 0x0000000088200000, 0x0000000088200000|100%|HC|  |TAMS 0x0000000088200000, 0x0000000088100000| Untracked 
|  44|0x0000000088200000, 0x0000000088300000, 0x0000000088300000|100%|HC|  |TAMS 0x0000000088300000, 0x0000000088200000| Untracked 
|  45|0x0000000088300000, 0x0000000088400000, 0x0000000088400000|100%|HC|  |TAMS 0x0000000088400000, 0x0000000088300000| Untracked 
|  46|0x0000000088400000, 0x0000000088500000, 0x0000000088500000|100%|HC|  |TAMS 0x0000000088500000, 0x0000000088400000| Untracked 
|  47|0x0000000088500000, 0x0000000088600000, 0x0000000088600000|100%|HC|  |TAMS 0x0000000088600000, 0x0000000088500000| Untracked 
|  48|0x0000000088600000, 0x0000000088700000, 0x0000000088700000|100%|HS|  |TAMS 0x0000000088700000, 0x0000000088600000| Complete 
|  49|0x0000000088700000, 0x0000000088800000, 0x0000000088800000|100%|HC|  |TAMS 0x0000000088800000, 0x0000000088700000| Complete 
|  50|0x0000000088800000, 0x0000000088900000, 0x0000000088900000|100%|HC|  |TAMS 0x0000000088900000, 0x0000000088800000| Complete 
|  51|0x0000000088900000, 0x0000000088a00000, 0x0000000088a00000|100%|HC|  |TAMS 0x0000000088a00000, 0x0000000088900000| Complete 
|  52|0x0000000088a00000, 0x0000000088b00000, 0x0000000088b00000|100%|HC|  |TAMS 0x0000000088b00000, 0x0000000088a00000| Complete 
|  53|0x0000000088b00000, 0x0000000088c00000, 0x0000000088c00000|100%|HC|  |TAMS 0x0000000088c00000, 0x0000000088b00000| Complete 
|  54|0x0000000088c00000, 0x0000000088d00000, 0x0000000088d00000|100%|HS|  |TAMS 0x0000000088d00000, 0x0000000088c00000| Untracked 
|  55|0x0000000088d00000, 0x0000000088e00000, 0x0000000088e00000|100%|HC|  |TAMS 0x0000000088e00000, 0x0000000088d00000| Untracked 
|  56|0x0000000088e00000, 0x0000000088f00000, 0x0000000088f00000|100%|HC|  |TAMS 0x0000000088f00000, 0x0000000088e00000| Untracked 
|  57|0x0000000088f00000, 0x0000000089000000, 0x0000000089000000|100%|HC|  |TAMS 0x0000000089000000, 0x0000000088f00000| Untracked 
|  58|0x0000000089000000, 0x0000000089100000, 0x0000000089100000|100%|HC|  |TAMS 0x0000000089100000, 0x0000000089000000| Untracked 
|  59|0x0000000089100000, 0x0000000089200000, 0x0000000089200000|100%|HC|  |TAMS 0x0000000089200000, 0x0000000089100000| Untracked 
|  60|0x0000000089200000, 0x0000000089300000, 0x0000000089300000|100%|HS|  |TAMS 0x0000000089300000, 0x0000000089200000| Complete 
|  61|0x0000000089300000, 0x0000000089400000, 0x0000000089400000|100%|HC|  |TAMS 0x0000000089400000, 0x0000000089300000| Complete 
|  62|0x0000000089400000, 0x0000000089500000, 0x0000000089500000|100%|HC|  |TAMS 0x0000000089500000, 0x0000000089400000| Complete 
|  63|0x0000000089500000, 0x0000000089600000, 0x0000000089600000|100%|HC|  |TAMS 0x0000000089600000, 0x0000000089500000| Complete 
|  64|0x0000000089600000, 0x0000000089700000, 0x0000000089700000|100%|HC|  |TAMS 0x0000000089700000, 0x0000000089600000| Complete 
|  65|0x0000000089700000, 0x0000000089800000, 0x0000000089800000|100%|HC|  |TAMS 0x0000000089800000, 0x0000000089700000| Complete 
|  66|0x0000000089800000, 0x0000000089900000, 0x0000000089900000|100%|HS|  |TAMS 0x0000000089900000, 0x0000000089800000| Untracked 
|  67|0x0000000089900000, 0x0000000089a00000, 0x0000000089a00000|100%|HC|  |TAMS 0x0000000089a00000, 0x0000000089900000| Untracked 
|  68|0x0000000089a00000, 0x0000000089b00000, 0x0000000089b00000|100%|HC|  |TAMS 0x0000000089b00000, 0x0000000089a00000| Untracked 
|  69|0x0000000089b00000, 0x0000000089c00000, 0x0000000089c00000|100%|HC|  |TAMS 0x0000000089c00000, 0x0000000089b00000| Untracked 
|  70|0x0000000089c00000, 0x0000000089d00000, 0x0000000089d00000|100%|HC|  |TAMS 0x0000000089d00000, 0x0000000089c00000| Untracked 
|  71|0x0000000089d00000, 0x0000000089e00000, 0x0000000089e00000|100%|HC|  |TAMS 0x0000000089e00000, 0x0000000089d00000| Untracked 
|  72|0x0000000089e00000, 0x0000000089f00000, 0x0000000089f00000|100%| O|  |TAMS 0x0000000089f00000, 0x0000000089e00000| Untracked 
|  73|0x0000000089f00000, 0x000000008a000000, 0x000000008a000000|100%| O|  |TAMS 0x000000008a000000, 0x0000000089f00000| Untracked 
|  74|0x000000008a000000, 0x000000008a100000, 0x000000008a100000|100%| O|  |TAMS 0x000000008a100000, 0x000000008a000000| Complete 
|  75|0x000000008a100000, 0x000000008a200000, 0x000000008a200000|100%| O|  |TAMS 0x000000008a200000, 0x000000008a100000| Complete 
|  76|0x000000008a200000, 0x000000008a300000, 0x000000008a300000|100%| O|  |TAMS 0x000000008a300000, 0x000000008a200000| Untracked 
|  77|0x000000008a300000, 0x000000008a400000, 0x000000008a400000|100%| O|  |TAMS 0x000000008a400000, 0x000000008a300000| Untracked 
|  78|0x000000008a400000, 0x000000008a500000, 0x000000008a500000|100%| O|  |TAMS 0x000000008a500000, 0x000000008a400000| Complete 
|  79|0x000000008a500000, 0x000000008a600000, 0x000000008a600000|100%| O|  |TAMS 0x000000008a600000, 0x000000008a500000| Untracked 
|  80|0x000000008a600000, 0x000000008a700000, 0x000000008a700000|100%| O|  |TAMS 0x000000008a700000, 0x000000008a600000| Untracked 
|  81|0x000000008a700000, 0x000000008a800000, 0x000000008a800000|100%| O|  |TAMS 0x000000008a800000, 0x000000008a700000| Untracked 
|  82|0x000000008a800000, 0x000000008a900000, 0x000000008a900000|100%| O|  |TAMS 0x000000008a900000, 0x000000008a800000| Complete 
|  83|0x000000008a900000, 0x000000008aa00000, 0x000000008aa00000|100%| O|  |TAMS 0x000000008aa00000, 0x000000008a900000| Complete 
|  84|0x000000008aa00000, 0x000000008ab00000, 0x000000008ab00000|100%| O|  |TAMS 0x000000008ab00000, 0x000000008aa00000| Untracked 
|  85|0x000000008ab00000, 0x000000008ac00000, 0x000000008ac00000|100%| O|  |TAMS 0x000000008ac00000, 0x000000008ab00000| Complete 
|  86|0x000000008ac00000, 0x000000008ad00000, 0x000000008ad00000|100%|HS|  |TAMS 0x000000008ad00000, 0x000000008ac00000| Complete 
|  87|0x000000008ad00000, 0x000000008ae00000, 0x000000008ae00000|100%|HC|  |TAMS 0x000000008ae00000, 0x000000008ad00000| Complete 
|  88|0x000000008ae00000, 0x000000008af00000, 0x000000008af00000|100%|HC|  |TAMS 0x000000008af00000, 0x000000008ae00000| Complete 
|  89|0x000000008af00000, 0x000000008b000000, 0x000000008b000000|100%|HC|  |TAMS 0x000000008b000000, 0x000000008af00000| Complete 
|  90|0x000000008b000000, 0x000000008b100000, 0x000000008b100000|100%|HC|  |TAMS 0x000000008b100000, 0x000000008b000000| Complete 
|  91|0x000000008b100000, 0x000000008b200000, 0x000000008b200000|100%|HC|  |TAMS 0x000000008b200000, 0x000000008b100000| Complete 
|  92|0x000000008b200000, 0x000000008b300000, 0x000000008b300000|100%|HS|  |TAMS 0x000000008b300000, 0x000000008b200000| Complete 
|  93|0x000000008b300000, 0x000000008b400000, 0x000000008b400000|100%|HC|  |TAMS 0x000000008b400000, 0x000000008b300000| Complete 
|  94|0x000000008b400000, 0x000000008b500000, 0x000000008b500000|100%|HC|  |TAMS 0x000000008b500000, 0x000000008b400000| Complete 
|  95|0x000000008b500000, 0x000000008b600000, 0x000000008b600000|100%|HC|  |TAMS 0x000000008b600000, 0x000000008b500000| Complete 
|  96|0x000000008b600000, 0x000000008b700000, 0x000000008b700000|100%|HC|  |TAMS 0x000000008b700000, 0x000000008b600000| Complete 
|  97|0x000000008b700000, 0x000000008b800000, 0x000000008b800000|100%|HC|  |TAMS 0x000000008b800000, 0x000000008b700000| Complete 
|  98|0x000000008b800000, 0x000000008b900000, 0x000000008b900000|100%|HS|  |TAMS 0x000000008b900000, 0x000000008b800000| Untracked 
|  99|0x000000008b900000, 0x000000008ba00000, 0x000000008ba00000|100%|HC|  |TAMS 0x000000008ba00000, 0x000000008b900000| Untracked 
| 100|0x000000008ba00000, 0x000000008bb00000, 0x000000008bb00000|100%|HC|  |TAMS 0x000000008bb00000, 0x000000008ba00000| Untracked 
| 101|0x000000008bb00000, 0x000000008bc00000, 0x000000008bc00000|100%|HC|  |TAMS 0x000000008bc00000, 0x000000008bb00000| Untracked 
| 102|0x000000008bc00000, 0x000000008bd00000, 0x000000008bd00000|100%|HC|  |TAMS 0x000000008bd00000, 0x000000008bc00000| Untracked 
| 103|0x000000008bd00000, 0x000000008be00000, 0x000000008be00000|100%|HC|  |TAMS 0x000000008be00000, 0x000000008bd00000| Untracked 
| 104|0x000000008be00000, 0x000000008bf00000, 0x000000008bf00000|100%|HS|  |TAMS 0x000000008bf00000, 0x000000008be00000| Untracked 
| 105|0x000000008bf00000, 0x000000008c000000, 0x000000008c000000|100%|HC|  |TAMS 0x000000008c000000, 0x000000008bf00000| Untracked 
| 106|0x000000008c000000, 0x000000008c100000, 0x000000008c100000|100%|HC|  |TAMS 0x000000008c100000, 0x000000008c000000| Untracked 
| 107|0x000000008c100000, 0x000000008c200000, 0x000000008c200000|100%|HC|  |TAMS 0x000000008c200000, 0x000000008c100000| Untracked 
| 108|0x000000008c200000, 0x000000008c300000, 0x000000008c300000|100%|HC|  |TAMS 0x000000008c300000, 0x000000008c200000| Untracked 
| 109|0x000000008c300000, 0x000000008c400000, 0x000000008c400000|100%|HC|  |TAMS 0x000000008c400000, 0x000000008c300000| Untracked 
| 110|0x000000008c400000, 0x000000008c500000, 0x000000008c500000|100%|HS|  |TAMS 0x000000008c500000, 0x000000008c400000| Complete 
| 111|0x000000008c500000, 0x000000008c600000, 0x000000008c600000|100%|HC|  |TAMS 0x000000008c600000, 0x000000008c500000| Complete 
| 112|0x000000008c600000, 0x000000008c700000, 0x000000008c700000|100%|HC|  |TAMS 0x000000008c700000, 0x000000008c600000| Complete 
| 113|0x000000008c700000, 0x000000008c800000, 0x000000008c800000|100%|HC|  |TAMS 0x000000008c800000, 0x000000008c700000| Complete 
| 114|0x000000008c800000, 0x000000008c900000, 0x000000008c900000|100%|HC|  |TAMS 0x000000008c900000, 0x000000008c800000| Complete 
| 115|0x000000008c900000, 0x000000008ca00000, 0x000000008ca00000|100%|HC|  |TAMS 0x000000008ca00000, 0x000000008c900000| Complete 
| 116|0x000000008ca00000, 0x000000008cb00000, 0x000000008cb00000|100%|HS|  |TAMS 0x000000008cb00000, 0x000000008ca00000| Untracked 
| 117|0x000000008cb00000, 0x000000008cc00000, 0x000000008cc00000|100%|HC|  |TAMS 0x000000008cc00000, 0x000000008cb00000| Untracked 
| 118|0x000000008cc00000, 0x000000008cd00000, 0x000000008cd00000|100%|HC|  |TAMS 0x000000008cd00000, 0x000000008cc00000| Untracked 
| 119|0x000000008cd00000, 0x000000008ce00000, 0x000000008ce00000|100%|HC|  |TAMS 0x000000008ce00000, 0x000000008cd00000| Untracked 
| 120|0x000000008ce00000, 0x000000008cf00000, 0x000000008cf00000|100%|HC|  |TAMS 0x000000008cf00000, 0x000000008ce00000| Untracked 
| 121|0x000000008cf00000, 0x000000008d000000, 0x000000008d000000|100%|HC|  |TAMS 0x000000008d000000, 0x000000008cf00000| Untracked 
| 122|0x000000008d000000, 0x000000008d100000, 0x000000008d100000|100%| O|  |TAMS 0x000000008d100000, 0x000000008d000000| Untracked 
| 123|0x000000008d100000, 0x000000008d200000, 0x000000008d200000|100%| O|  |TAMS 0x000000008d200000, 0x000000008d100000| Untracked 
| 124|0x000000008d200000, 0x000000008d300000, 0x000000008d300000|100%| O|  |TAMS 0x000000008d300000, 0x000000008d200000| Complete 
| 125|0x000000008d300000, 0x000000008d400000, 0x000000008d400000|100%| O|  |TAMS 0x000000008d400000, 0x000000008d300000| Untracked 
| 126|0x000000008d400000, 0x000000008d500000, 0x000000008d500000|100%| O|  |TAMS 0x000000008d500000, 0x000000008d400000| Untracked 
| 127|0x000000008d500000, 0x000000008d600000, 0x000000008d600000|100%| O|  |TAMS 0x000000008d600000, 0x000000008d500000| Untracked 
| 128|0x000000008d600000, 0x000000008d700000, 0x000000008d700000|100%| O|  |TAMS 0x000000008d700000, 0x000000008d600000| Untracked 
| 129|0x000000008d700000, 0x000000008d800000, 0x000000008d800000|100%| O|  |TAMS 0x000000008d800000, 0x000000008d700000| Untracked 
| 130|0x000000008d800000, 0x000000008d900000, 0x000000008d900000|100%| O|  |TAMS 0x000000008d900000, 0x000000008d800000| Untracked 
| 131|0x000000008d900000, 0x000000008da00000, 0x000000008da00000|100%| O|  |TAMS 0x000000008da00000, 0x000000008d900000| Complete 
| 132|0x000000008da00000, 0x000000008db00000, 0x000000008db00000|100%| O|  |TAMS 0x000000008db00000, 0x000000008da00000| Untracked 
| 133|0x000000008db00000, 0x000000008dc00000, 0x000000008dc00000|100%| O|  |TAMS 0x000000008dc00000, 0x000000008db00000| Untracked 
| 134|0x000000008dc00000, 0x000000008dd00000, 0x000000008dd00000|100%| O|  |TAMS 0x000000008dd00000, 0x000000008dc00000| Untracked 
| 135|0x000000008dd00000, 0x000000008de00000, 0x000000008de00000|100%| O|  |TAMS 0x000000008de00000, 0x000000008dd00000| Untracked 
| 136|0x000000008de00000, 0x000000008df00000, 0x000000008df00000|100%| O|  |TAMS 0x000000008df00000, 0x000000008de00000| Untracked 
| 137|0x000000008df00000, 0x000000008e000000, 0x000000008e000000|100%| O|  |TAMS 0x000000008e000000, 0x000000008df00000| Untracked 
| 138|0x000000008e000000, 0x000000008e100000, 0x000000008e100000|100%| O|  |TAMS 0x000000008e100000, 0x000000008e000000| Untracked 
| 139|0x000000008e100000, 0x000000008e200000, 0x000000008e200000|100%| O|  |TAMS 0x000000008e200000, 0x000000008e100000| Untracked 
| 140|0x000000008e200000, 0x000000008e300000, 0x000000008e300000|100%| O|  |TAMS 0x000000008e300000, 0x000000008e200000| Untracked 
| 141|0x000000008e300000, 0x000000008e400000, 0x000000008e400000|100%| O|  |TAMS 0x000000008e400000, 0x000000008e300000| Untracked 
| 142|0x000000008e400000, 0x000000008e500000, 0x000000008e500000|100%| O|  |TAMS 0x000000008e500000, 0x000000008e400000| Untracked 
| 143|0x000000008e500000, 0x000000008e600000, 0x000000008e600000|100%| O|  |TAMS 0x000000008e600000, 0x000000008e500000| Untracked 
| 144|0x000000008e600000, 0x000000008e700000, 0x000000008e700000|100%| O|  |TAMS 0x000000008e700000, 0x000000008e600000| Untracked 
| 145|0x000000008e700000, 0x000000008e800000, 0x000000008e800000|100%| O|  |TAMS 0x000000008e800000, 0x000000008e700000| Untracked 
| 146|0x000000008e800000, 0x000000008e900000, 0x000000008e900000|100%| O|  |TAMS 0x000000008e900000, 0x000000008e800000| Untracked 
| 147|0x000000008e900000, 0x000000008ea00000, 0x000000008ea00000|100%| O|  |TAMS 0x000000008ea00000, 0x000000008e900000| Untracked 
| 148|0x000000008ea00000, 0x000000008eb00000, 0x000000008eb00000|100%| O|  |TAMS 0x000000008eb00000, 0x000000008ea00000| Complete 
| 149|0x000000008eb00000, 0x000000008ec00000, 0x000000008ec00000|100%| O|  |TAMS 0x000000008ec00000, 0x000000008eb00000| Untracked 
| 150|0x000000008ec00000, 0x000000008ed00000, 0x000000008ed00000|100%| O|  |TAMS 0x000000008ed00000, 0x000000008ec00000| Untracked 
| 151|0x000000008ed00000, 0x000000008ee00000, 0x000000008ee00000|100%| O|  |TAMS 0x000000008ee00000, 0x000000008ed00000| Untracked 
| 152|0x000000008ee00000, 0x000000008ef00000, 0x000000008ef00000|100%| O|  |TAMS 0x000000008ef00000, 0x000000008ee00000| Untracked 
| 153|0x000000008ef00000, 0x000000008f000000, 0x000000008f000000|100%| O|  |TAMS 0x000000008f000000, 0x000000008ef00000| Untracked 
| 154|0x000000008f000000, 0x000000008f100000, 0x000000008f100000|100%| O|  |TAMS 0x000000008f100000, 0x000000008f000000| Untracked 
| 155|0x000000008f100000, 0x000000008f200000, 0x000000008f200000|100%| O|  |TAMS 0x000000008f200000, 0x000000008f100000| Untracked 
| 156|0x000000008f200000, 0x000000008f300000, 0x000000008f300000|100%| O|  |TAMS 0x000000008f300000, 0x000000008f200000| Untracked 
| 157|0x000000008f300000, 0x000000008f400000, 0x000000008f400000|100%| O|  |TAMS 0x000000008f400000, 0x000000008f300000| Untracked 
| 158|0x000000008f400000, 0x000000008f500000, 0x000000008f500000|100%| O|  |TAMS 0x000000008f500000, 0x000000008f400000| Untracked 
| 159|0x000000008f500000, 0x000000008f600000, 0x000000008f600000|100%| O|  |TAMS 0x000000008f600000, 0x000000008f500000| Untracked 
| 160|0x000000008f600000, 0x000000008f700000, 0x000000008f700000|100%| O|  |TAMS 0x000000008f700000, 0x000000008f600000| Untracked 
| 161|0x000000008f700000, 0x000000008f800000, 0x000000008f800000|100%| O|  |TAMS 0x000000008f800000, 0x000000008f700000| Untracked 
| 162|0x000000008f800000, 0x000000008f900000, 0x000000008f900000|100%| O|  |TAMS 0x000000008f900000, 0x000000008f800000| Untracked 
| 163|0x000000008f900000, 0x000000008fa00000, 0x000000008fa00000|100%| O|  |TAMS 0x000000008fa00000, 0x000000008f900000| Complete 
| 164|0x000000008fa00000, 0x000000008fb00000, 0x000000008fb00000|100%| O|  |TAMS 0x000000008fb00000, 0x000000008fa00000| Untracked 
| 165|0x000000008fb00000, 0x000000008fc00000, 0x000000008fc00000|100%| O|  |TAMS 0x000000008fc00000, 0x000000008fb00000| Untracked 
| 166|0x000000008fc00000, 0x000000008fd00000, 0x000000008fd00000|100%| O|  |TAMS 0x000000008fd00000, 0x000000008fc00000| Untracked 
| 167|0x000000008fd00000, 0x000000008fe00000, 0x000000008fe00000|100%| O|  |TAMS 0x000000008fe00000, 0x000000008fd00000| Untracked 
| 168|0x000000008fe00000, 0x000000008ff00000, 0x000000008ff00000|100%| O|  |TAMS 0x000000008ff00000, 0x000000008fe00000| Untracked 
| 169|0x000000008ff00000, 0x0000000090000000, 0x0000000090000000|100%| O|  |TAMS 0x0000000090000000, 0x000000008ff00000| Untracked 
| 170|0x0000000090000000, 0x0000000090100000, 0x0000000090100000|100%| O|  |TAMS 0x0000000090100000, 0x0000000090000000| Complete 
| 171|0x0000000090100000, 0x0000000090200000, 0x0000000090200000|100%| O|  |TAMS 0x0000000090200000, 0x0000000090100000| Complete 
| 172|0x0000000090200000, 0x0000000090300000, 0x0000000090300000|100%| O|  |TAMS 0x0000000090300000, 0x0000000090200000| Complete 
| 173|0x0000000090300000, 0x0000000090400000, 0x0000000090400000|100%| O|  |TAMS 0x0000000090400000, 0x0000000090300000| Untracked 
| 174|0x0000000090400000, 0x0000000090500000, 0x0000000090500000|100%| O|  |TAMS 0x0000000090500000, 0x0000000090400000| Complete 
| 175|0x0000000090500000, 0x0000000090600000, 0x0000000090600000|100%| O|  |TAMS 0x0000000090600000, 0x0000000090500000| Complete 
| 176|0x0000000090600000, 0x0000000090700000, 0x0000000090700000|100%| O|  |TAMS 0x0000000090700000, 0x0000000090600000| Untracked 
| 177|0x0000000090700000, 0x0000000090800000, 0x0000000090800000|100%| O|  |TAMS 0x0000000090800000, 0x0000000090700000| Untracked 
| 178|0x0000000090800000, 0x0000000090900000, 0x0000000090900000|100%| O|  |TAMS 0x0000000090900000, 0x0000000090800000| Complete 
| 179|0x0000000090900000, 0x0000000090a00000, 0x0000000090a00000|100%| O|  |TAMS 0x0000000090a00000, 0x0000000090900000| Untracked 
| 180|0x0000000090a00000, 0x0000000090b00000, 0x0000000090b00000|100%| O|  |TAMS 0x0000000090b00000, 0x0000000090a00000| Untracked 
| 181|0x0000000090b00000, 0x0000000090c00000, 0x0000000090c00000|100%| O|  |TAMS 0x0000000090c00000, 0x0000000090b00000| Complete 
| 182|0x0000000090c00000, 0x0000000090d00000, 0x0000000090d00000|100%| O|  |TAMS 0x0000000090d00000, 0x0000000090c00000| Untracked 
| 183|0x0000000090d00000, 0x0000000090e00000, 0x0000000090e00000|100%| O|  |TAMS 0x0000000090e00000, 0x0000000090d00000| Complete 
| 184|0x0000000090e00000, 0x0000000090f00000, 0x0000000090f00000|100%| O|  |TAMS 0x0000000090f00000, 0x0000000090e00000| Untracked 
| 185|0x0000000090f00000, 0x0000000091000000, 0x0000000091000000|100%| O|  |TAMS 0x0000000091000000, 0x0000000090f00000| Untracked 
| 186|0x0000000091000000, 0x0000000091100000, 0x0000000091100000|100%| O|  |TAMS 0x0000000091100000, 0x0000000091000000| Complete 
| 187|0x0000000091100000, 0x0000000091200000, 0x0000000091200000|100%| O|  |TAMS 0x0000000091200000, 0x0000000091100000| Untracked 
| 188|0x0000000091200000, 0x0000000091300000, 0x0000000091300000|100%| O|  |TAMS 0x0000000091300000, 0x0000000091200000| Untracked 
| 189|0x0000000091300000, 0x0000000091400000, 0x0000000091400000|100%| O|  |TAMS 0x0000000091400000, 0x0000000091300000| Complete 
| 190|0x0000000091400000, 0x0000000091500000, 0x0000000091500000|100%| O|  |TAMS 0x0000000091500000, 0x0000000091400000| Untracked 
| 191|0x0000000091500000, 0x0000000091600000, 0x0000000091600000|100%| O|  |TAMS 0x0000000091600000, 0x0000000091500000| Untracked 
| 192|0x0000000091600000, 0x0000000091700000, 0x0000000091700000|100%| O|  |TAMS 0x0000000091700000, 0x0000000091600000| Complete 
| 193|0x0000000091700000, 0x0000000091800000, 0x0000000091800000|100%| O|  |TAMS 0x0000000091768600, 0x0000000091700000| Complete 
| 194|0x0000000091800000, 0x0000000091900000, 0x0000000091900000|100%| O|  |TAMS 0x0000000091800000, 0x0000000091800000| Untracked 
| 195|0x0000000091900000, 0x0000000091a00000, 0x0000000091a00000|100%| O|  |TAMS 0x0000000091900000, 0x0000000091900000| Untracked 
| 196|0x0000000091a00000, 0x0000000091b00000, 0x0000000091b00000|100%| O|  |TAMS 0x0000000091a00000, 0x0000000091a00000| Untracked 
| 197|0x0000000091b00000, 0x0000000091c00000, 0x0000000091c00000|100%| O|  |TAMS 0x0000000091b00000, 0x0000000091b00000| Untracked 
| 198|0x0000000091c00000, 0x0000000091d00000, 0x0000000091d00000|100%| O|  |TAMS 0x0000000091c00000, 0x0000000091c00000| Untracked 
| 199|0x0000000091d00000, 0x0000000091e00000, 0x0000000091e00000|100%| O|  |TAMS 0x0000000091d00000, 0x0000000091d00000| Untracked 
| 200|0x0000000091e00000, 0x0000000091f00000, 0x0000000091f00000|100%| O|  |TAMS 0x0000000091e00000, 0x0000000091e00000| Untracked 
| 201|0x0000000091f00000, 0x0000000092000000, 0x0000000092000000|100%| O|  |TAMS 0x0000000091f00000, 0x0000000091f00000| Untracked 
| 202|0x0000000092000000, 0x0000000092100000, 0x0000000092100000|100%| O|  |TAMS 0x0000000092000000, 0x0000000092000000| Untracked 
| 203|0x0000000092100000, 0x0000000092200000, 0x0000000092200000|100%| O|  |TAMS 0x0000000092100000, 0x0000000092100000| Untracked 
| 204|0x0000000092200000, 0x0000000092300000, 0x0000000092300000|100%| O|  |TAMS 0x0000000092200000, 0x0000000092200000| Untracked 
| 205|0x0000000092300000, 0x0000000092400000, 0x0000000092400000|100%| O|  |TAMS 0x0000000092300000, 0x0000000092300000| Untracked 
| 206|0x0000000092400000, 0x0000000092500000, 0x0000000092500000|100%| O|  |TAMS 0x0000000092400000, 0x0000000092400000| Untracked 
| 207|0x0000000092500000, 0x0000000092600000, 0x0000000092600000|100%| O|  |TAMS 0x0000000092500000, 0x0000000092500000| Untracked 
| 208|0x0000000092600000, 0x0000000092700000, 0x0000000092700000|100%| O|  |TAMS 0x0000000092600000, 0x0000000092600000| Untracked 
| 209|0x0000000092700000, 0x0000000092800000, 0x0000000092800000|100%| O|  |TAMS 0x0000000092700000, 0x0000000092700000| Untracked 
| 210|0x0000000092800000, 0x0000000092900000, 0x0000000092900000|100%| O|  |TAMS 0x0000000092800000, 0x0000000092800000| Untracked 
| 211|0x0000000092900000, 0x0000000092a00000, 0x0000000092a00000|100%| O|  |TAMS 0x0000000092900000, 0x0000000092900000| Untracked 
| 212|0x0000000092a00000, 0x0000000092b00000, 0x0000000092b00000|100%| O|  |TAMS 0x0000000092a00000, 0x0000000092a00000| Untracked 
| 213|0x0000000092b00000, 0x0000000092c00000, 0x0000000092c00000|100%| O|  |TAMS 0x0000000092b00000, 0x0000000092b00000| Untracked 
| 214|0x0000000092c00000, 0x0000000092d00000, 0x0000000092d00000|100%| O|  |TAMS 0x0000000092c00000, 0x0000000092c00000| Untracked 
| 215|0x0000000092d00000, 0x0000000092e00000, 0x0000000092e00000|100%| O|  |TAMS 0x0000000092d00000, 0x0000000092d00000| Untracked 
| 216|0x0000000092e00000, 0x0000000092f00000, 0x0000000092f00000|100%| O|  |TAMS 0x0000000092e00000, 0x0000000092e00000| Untracked 
| 217|0x0000000092f00000, 0x0000000093000000, 0x0000000093000000|100%| O|  |TAMS 0x0000000092f00000, 0x0000000092f00000| Untracked 
| 218|0x0000000093000000, 0x0000000093026200, 0x0000000093100000| 14%| O|  |TAMS 0x0000000093000000, 0x0000000093000000| Untracked 
| 219|0x0000000093100000, 0x0000000093100000, 0x0000000093200000|  0%| F|  |TAMS 0x0000000093100000, 0x0000000093100000| Untracked 
| 220|0x0000000093200000, 0x0000000093200000, 0x0000000093300000|  0%| F|  |TAMS 0x0000000093200000, 0x0000000093200000| Untracked 
| 221|0x0000000093300000, 0x0000000093300000, 0x0000000093400000|  0%| F|  |TAMS 0x0000000093300000, 0x0000000093300000| Untracked 
| 222|0x0000000093400000, 0x0000000093400000, 0x0000000093500000|  0%| F|  |TAMS 0x0000000093400000, 0x0000000093400000| Untracked 
| 223|0x0000000093500000, 0x0000000093500000, 0x0000000093600000|  0%| F|  |TAMS 0x0000000093500000, 0x0000000093500000| Untracked 
| 224|0x0000000093600000, 0x0000000093600000, 0x0000000093700000|  0%| F|  |TAMS 0x0000000093600000, 0x0000000093600000| Untracked 
| 225|0x0000000093700000, 0x0000000093700000, 0x0000000093800000|  0%| F|  |TAMS 0x0000000093700000, 0x0000000093700000| Untracked 
| 226|0x0000000093800000, 0x0000000093800000, 0x0000000093900000|  0%| F|  |TAMS 0x0000000093800000, 0x0000000093800000| Untracked 
| 227|0x0000000093900000, 0x0000000093900000, 0x0000000093a00000|  0%| F|  |TAMS 0x0000000093900000, 0x0000000093900000| Untracked 
| 228|0x0000000093a00000, 0x0000000093a00000, 0x0000000093b00000|  0%| F|  |TAMS 0x0000000093a00000, 0x0000000093a00000| Untracked 
| 229|0x0000000093b00000, 0x0000000093b00000, 0x0000000093c00000|  0%| F|  |TAMS 0x0000000093b00000, 0x0000000093b00000| Untracked 
| 230|0x0000000093c00000, 0x0000000093c00000, 0x0000000093d00000|  0%| F|  |TAMS 0x0000000093c00000, 0x0000000093c00000| Untracked 
| 231|0x0000000093d00000, 0x0000000093d00000, 0x0000000093e00000|  0%| F|  |TAMS 0x0000000093d00000, 0x0000000093d00000| Untracked 
| 232|0x0000000093e00000, 0x0000000093e00000, 0x0000000093f00000|  0%| F|  |TAMS 0x0000000093e00000, 0x0000000093e00000| Untracked 
| 233|0x0000000093f00000, 0x0000000093f00000, 0x0000000094000000|  0%| F|  |TAMS 0x0000000093f00000, 0x0000000093f00000| Untracked 
| 234|0x0000000094000000, 0x0000000094000000, 0x0000000094100000|  0%| F|  |TAMS 0x0000000094000000, 0x0000000094000000| Untracked 
| 235|0x0000000094100000, 0x0000000094100000, 0x0000000094200000|  0%| F|  |TAMS 0x0000000094100000, 0x0000000094100000| Untracked 
| 236|0x0000000094200000, 0x0000000094200000, 0x0000000094300000|  0%| F|  |TAMS 0x0000000094200000, 0x0000000094200000| Untracked 
| 237|0x0000000094300000, 0x0000000094300000, 0x0000000094400000|  0%| F|  |TAMS 0x0000000094300000, 0x0000000094300000| Untracked 
| 238|0x0000000094400000, 0x0000000094400000, 0x0000000094500000|  0%| F|  |TAMS 0x0000000094400000, 0x0000000094400000| Untracked 
| 239|0x0000000094500000, 0x0000000094500000, 0x0000000094600000|  0%| F|  |TAMS 0x0000000094500000, 0x0000000094500000| Untracked 
| 240|0x0000000094600000, 0x0000000094600000, 0x0000000094700000|  0%| F|  |TAMS 0x0000000094600000, 0x0000000094600000| Untracked 
| 241|0x0000000094700000, 0x0000000094700000, 0x0000000094800000|  0%| F|  |TAMS 0x0000000094700000, 0x0000000094700000| Untracked 
| 242|0x0000000094800000, 0x0000000094800000, 0x0000000094900000|  0%| F|  |TAMS 0x0000000094800000, 0x0000000094800000| Untracked 
| 243|0x0000000094900000, 0x0000000094900000, 0x0000000094a00000|  0%| F|  |TAMS 0x0000000094900000, 0x0000000094900000| Untracked 
| 244|0x0000000094a00000, 0x0000000094a00000, 0x0000000094b00000|  0%| F|  |TAMS 0x0000000094a00000, 0x0000000094a00000| Untracked 
| 245|0x0000000094b00000, 0x0000000094b00000, 0x0000000094c00000|  0%| F|  |TAMS 0x0000000094b00000, 0x0000000094b00000| Untracked 
| 246|0x0000000094c00000, 0x0000000094c00000, 0x0000000094d00000|  0%| F|  |TAMS 0x0000000094c00000, 0x0000000094c00000| Untracked 
| 247|0x0000000094d00000, 0x0000000094d00000, 0x0000000094e00000|  0%| F|  |TAMS 0x0000000094d00000, 0x0000000094d00000| Untracked 
| 248|0x0000000094e00000, 0x0000000094e00000, 0x0000000094f00000|  0%| F|  |TAMS 0x0000000094e00000, 0x0000000094e00000| Untracked 
| 249|0x0000000094f00000, 0x0000000094f00000, 0x0000000095000000|  0%| F|  |TAMS 0x0000000094f00000, 0x0000000094f00000| Untracked 
| 250|0x0000000095000000, 0x0000000095000000, 0x0000000095100000|  0%| F|  |TAMS 0x0000000095000000, 0x0000000095000000| Untracked 
| 251|0x0000000095100000, 0x0000000095100000, 0x0000000095200000|  0%| F|  |TAMS 0x0000000095100000, 0x0000000095100000| Untracked 
| 252|0x0000000095200000, 0x0000000095200000, 0x0000000095300000|  0%| F|  |TAMS 0x0000000095200000, 0x0000000095200000| Untracked 
| 253|0x0000000095300000, 0x0000000095300000, 0x0000000095400000|  0%| F|  |TAMS 0x0000000095300000, 0x0000000095300000| Untracked 
| 254|0x0000000095400000, 0x0000000095400000, 0x0000000095500000|  0%| F|  |TAMS 0x0000000095400000, 0x0000000095400000| Untracked 
| 255|0x0000000095500000, 0x0000000095500000, 0x0000000095600000|  0%| F|  |TAMS 0x0000000095500000, 0x0000000095500000| Untracked 
| 256|0x0000000095600000, 0x0000000095600000, 0x0000000095700000|  0%| F|  |TAMS 0x0000000095600000, 0x0000000095600000| Untracked 
| 257|0x0000000095700000, 0x0000000095800000, 0x0000000095800000|100%| S|CS|TAMS 0x0000000095700000, 0x0000000095700000| Complete 
| 258|0x0000000095800000, 0x0000000095800000, 0x0000000095900000|  0%| F|  |TAMS 0x0000000095800000, 0x0000000095800000| Untracked 
| 259|0x0000000095900000, 0x0000000095900000, 0x0000000095a00000|  0%| F|  |TAMS 0x0000000095900000, 0x0000000095900000| Untracked 
| 260|0x0000000095a00000, 0x0000000095b00000, 0x0000000095b00000|100%| S|CS|TAMS 0x0000000095a00000, 0x0000000095a00000| Complete 
| 261|0x0000000095b00000, 0x0000000095c00000, 0x0000000095c00000|100%| S|CS|TAMS 0x0000000095b00000, 0x0000000095b00000| Complete 
| 262|0x0000000095c00000, 0x0000000095c00000, 0x0000000095d00000|  0%| F|  |TAMS 0x0000000095c00000, 0x0000000095c00000| Untracked 
| 263|0x0000000095d00000, 0x0000000095d00000, 0x0000000095e00000|  0%| F|  |TAMS 0x0000000095d00000, 0x0000000095d00000| Untracked 
| 264|0x0000000095e00000, 0x0000000095e00000, 0x0000000095f00000|  0%| F|  |TAMS 0x0000000095e00000, 0x0000000095e00000| Untracked 
| 265|0x0000000095f00000, 0x0000000095f00000, 0x0000000096000000|  0%| F|  |TAMS 0x0000000095f00000, 0x0000000095f00000| Untracked 
| 266|0x0000000096000000, 0x0000000096000000, 0x0000000096100000|  0%| F|  |TAMS 0x0000000096000000, 0x0000000096000000| Untracked 
| 267|0x0000000096100000, 0x0000000096100000, 0x0000000096200000|  0%| F|  |TAMS 0x0000000096100000, 0x0000000096100000| Untracked 
| 268|0x0000000096200000, 0x0000000096200000, 0x0000000096300000|  0%| F|  |TAMS 0x0000000096200000, 0x0000000096200000| Untracked 
| 269|0x0000000096300000, 0x0000000096300000, 0x0000000096400000|  0%| F|  |TAMS 0x0000000096300000, 0x0000000096300000| Untracked 
| 270|0x0000000096400000, 0x0000000096400000, 0x0000000096500000|  0%| F|  |TAMS 0x0000000096400000, 0x0000000096400000| Untracked 
| 271|0x0000000096500000, 0x0000000096500000, 0x0000000096600000|  0%| F|  |TAMS 0x0000000096500000, 0x0000000096500000| Untracked 
| 272|0x0000000096600000, 0x0000000096600000, 0x0000000096700000|  0%| F|  |TAMS 0x0000000096600000, 0x0000000096600000| Untracked 
| 273|0x0000000096700000, 0x0000000096700000, 0x0000000096800000|  0%| F|  |TAMS 0x0000000096700000, 0x0000000096700000| Untracked 
| 274|0x0000000096800000, 0x0000000096800000, 0x0000000096900000|  0%| F|  |TAMS 0x0000000096800000, 0x0000000096800000| Untracked 
| 275|0x0000000096900000, 0x0000000096900000, 0x0000000096a00000|  0%| F|  |TAMS 0x0000000096900000, 0x0000000096900000| Untracked 
| 276|0x0000000096a00000, 0x0000000096a00000, 0x0000000096b00000|  0%| F|  |TAMS 0x0000000096a00000, 0x0000000096a00000| Untracked 
| 277|0x0000000096b00000, 0x0000000096b00000, 0x0000000096c00000|  0%| F|  |TAMS 0x0000000096b00000, 0x0000000096b00000| Untracked 

Card table byte_map: [0x00007f8c61250000,0x00007f8c61625000] _byte_map_base: 0x00007f8c60e25000

Marking Bits (Prev, Next): (CMBitMap*) 0x00007f8c5c0648d0, (CMBitMap*) 0x00007f8c5c064898
 Prev Bits: [0x00007f8c3c2b0000, 0x00007f8c3e158000)
 Next Bits: [0x00007f8c3e158000, 0x00007f8c40000000)

Polling page: 0x00007f8c65e17000

Metaspace:

Usage:
  Non-class:     64.25 MB capacity,    62.86 MB ( 98%) used,     1.13 MB (  2%) free+waste,   268.12 KB ( <1%) overhead. 
      Class:      8.59 MB capacity,     7.81 MB ( 91%) used,   687.49 KB (  8%) free+waste,   116.06 KB (  1%) overhead. 
       Both:     72.84 MB capacity,    70.66 MB ( 97%) used,     1.80 MB (  2%) free+waste,   384.19 KB ( <1%) overhead. 

Virtual space:
  Non-class space:       66.00 MB reserved,      64.25 MB ( 97%) committed 
      Class space:        1.00 GB reserved,       8.62 MB ( <1%) committed 
             Both:        1.06 GB reserved,      72.88 MB (  7%) committed 

Chunk freelists:
   Non-Class:  0 bytes
       Class:  0 bytes
        Both:  0 bytes

CodeHeap 'non-profiled nmethods': size=120032Kb used=10209Kb max_used=10209Kb free=109822Kb
 bounds [0x00007f8c4c6a9000, 0x00007f8c4d0a9000, 0x00007f8c53be1000]
CodeHeap 'profiled nmethods': size=120028Kb used=22836Kb max_used=30186Kb free=97191Kb
 bounds [0x00007f8c45172000, 0x00007f8c46f12000, 0x00007f8c4c6a9000]
CodeHeap 'non-nmethods': size=5700Kb used=1209Kb max_used=1260Kb free=4490Kb
 bounds [0x00007f8c44be1000, 0x00007f8c44e51000, 0x00007f8c45172000]
 total_blobs=19304 nmethods=11506 adapters=501
 compilation: enabled
              stopped_count=0, restarted_count=0
 full_count=0

Compilation events (10 events):
Event: 12939.452 Thread 0x00007f8c5c17d000 14791   !   3       jdk.internal.reflect.GeneratedMethodAccessor516::invoke (61 bytes)
Event: 12939.453 Thread 0x00007f8c5c17d000 nmethod 14791 0x00007f8c45919490 code [0x00007f8c459196c0, 0x00007f8c45919d68]
Event: 12939.453 Thread 0x00007f8c5c17d000 14751       3       com.fasterxml.jackson.databind.introspect.JacksonAnnotationIntrospector::findSerializer (72 bytes)
Event: 12939.454 Thread 0x00007f8c5c17d000 nmethod 14751 0x00007f8c45931b10 code [0x00007f8c45931da0, 0x00007f8c45932b08]
Event: 12939.454 Thread 0x00007f8c5c17d000 14792       3       jdk.internal.math.FloatingDecimal$BinaryToASCIIBuffer::getChars (502 bytes)
Event: 12939.455 Thread 0x00007f8c5c17d000 nmethod 14792 0x00007f8c45974b10 code [0x00007f8c45974dc0, 0x00007f8c45975e38]
Event: 12939.456 Thread 0x00007f8c5c17d000 14752   !   3       com.fasterxml.jackson.databind.introspect.JacksonAnnotationIntrospector::refineSerializationType (693 bytes)
Event: 12939.465 Thread 0x00007f8c5c17d000 nmethod 14752 0x00007f8c460b9910 code [0x00007f8c460ba5c0, 0x00007f8c460c3248]
Event: 12939.473 Thread 0x00007f8c5c17d000 14795       3       org.apache.catalina.connector.CoyoteOutputStream::write (26 bytes)
Event: 12939.473 Thread 0x00007f8c5c17d000 nmethod 14795 0x00007f8c4557e110 code [0x00007f8c4557e300, 0x00007f8c4557e6e8]

GC Heap History (10 events):
Event: 12939.229 GC heap after
{Heap after GC invocations=816 (full 0):
 garbage-first heap   total 220160K, used 197199K [0x0000000085600000, 0x0000000100000000)
  region size 1024K, 2 young (2048K), 2 survivors (2048K)
 Metaspace       used 72276K, capacity 74510K, committed 74624K, reserved 1116160K
  class space    used 7983K, capacity 8779K, committed 8832K, reserved 1048576K
}
Event: 12939.241 GC heap before
{Heap before GC invocations=816 (full 0):
 garbage-first heap   total 220160K, used 205391K [0x0000000085600000, 0x0000000100000000)
  region size 1024K, 10 young (10240K), 2 survivors (2048K)
 Metaspace       used 72276K, capacity 74510K, committed 74624K, reserved 1116160K
  class space    used 7983K, capacity 8779K, committed 8832K, reserved 1048576K
}
Event: 12939.247 GC heap after
{Heap after GC invocations=817 (full 0):
 garbage-first heap   total 284672K, used 200097K [0x0000000085600000, 0x0000000100000000)
  region size 1024K, 2 young (2048K), 2 survivors (2048K)
 Metaspace       used 72276K, capacity 74510K, committed 74624K, reserved 1116160K
  class space    used 7983K, capacity 8779K, committed 8832K, reserved 1048576K
}
Event: 12939.294 GC heap before
{Heap before GC invocations=817 (full 0):
 garbage-first heap   total 284672K, used 221601K [0x0000000085600000, 0x0000000100000000)
  region size 1024K, 23 young (23552K), 2 survivors (2048K)
 Metaspace       used 72276K, capacity 74510K, committed 74624K, reserved 1116160K
  class space    used 7983K, capacity 8779K, committed 8832K, reserved 1048576K
}
Event: 12939.302 GC heap after
{Heap after GC invocations=818 (full 0):
 garbage-first heap   total 284672K, used 207382K [0x0000000085600000, 0x0000000100000000)
  region size 1024K, 3 young (3072K), 3 survivors (3072K)
 Metaspace       used 72276K, capacity 74510K, committed 74624K, reserved 1116160K
  class space    used 7983K, capacity 8779K, committed 8832K, reserved 1048576K
}
Event: 12939.362 GC heap before
{Heap before GC invocations=818 (full 0):
 garbage-first heap   total 284672K, used 227862K [0x0000000085600000, 0x0000000100000000)
  region size 1024K, 23 young (23552K), 3 survivors (3072K)
 Metaspace       used 72276K, capacity 74510K, committed 74624K, reserved 1116160K
  class space    used 7983K, capacity 8779K, committed 8832K, reserved 1048576K
}
Event: 12939.371 GC heap after
{Heap after GC invocations=819 (full 0):
 garbage-first heap   total 284672K, used 214528K [0x0000000085600000, 0x0000000100000000)
  region size 1024K, 3 young (3072K), 3 survivors (3072K)
 Metaspace       used 72276K, capacity 74510K, committed 74624K, reserved 1116160K
  class space    used 7983K, capacity 8779K, committed 8832K, reserved 1048576K
}
Event: 12939.396 GC heap before
{Heap before GC invocations=819 (full 0):
 garbage-first heap   total 284672K, used 232960K [0x0000000085600000, 0x0000000100000000)
  region size 1024K, 21 young (21504K), 3 survivors (3072K)
 Metaspace       used 72276K, capacity 74510K, committed 74624K, reserved 1116160K
  class space    used 7983K, capacity 8779K, committed 8832K, reserved 1048576K
}
Event: 12939.407 GC heap after
{Heap after GC invocations=820 (full 0):
 garbage-first heap   total 284672K, used 221184K [0x0000000085600000, 0x0000000100000000)
  region size 1024K, 3 young (3072K), 3 survivors (3072K)
 Metaspace       used 72276K, capacity 74510K, committed 74624K, reserved 1116160K
  class space    used 7983K, capacity 8779K, committed 8832K, reserved 1048576K
}
Event: 12939.540 GC heap before
{Heap before GC invocations=821 (full 0):
 garbage-first heap   total 284672K, used 237568K [0x0000000085600000, 0x0000000100000000)
  region size 1024K, 19 young (19456K), 3 survivors (3072K)
 Metaspace       used 72357K, capacity 74584K, committed 74624K, reserved 1116160K
  class space    used 7993K, capacity 8797K, committed 8832K, reserved 1048576K
}

Deoptimization events (10 events):
Event: 12936.315 Thread 0x00007f8bf1393800 Uncommon trap: reason=unstable_if action=reinterpret pc=0x00007f8c4ccd0f6c method=java.math.BigDecimal.doubleValue()D @ 35 c2
Event: 12936.318 Thread 0x00007f8bf1393800 Uncommon trap: reason=unstable_if action=reinterpret pc=0x00007f8c4ccdae14 method=java.math.BigDecimal.doubleValue()D @ 35 c2
Event: 12936.320 Thread 0x00007f8bf1393800 Uncommon trap: reason=unstable_if action=reinterpret pc=0x00007f8c4ce58c10 method=com.fasterxml.jackson.databind.introspect.BasicClassIntrospector.forClassAnnotations(Lcom/fasterxml/jackson/databind/cfg/MapperConfig;Lcom/fasterxml/jackson/databind/JavaTyp
Event: 12936.320 Thread 0x00007f8bf1393800 Uncommon trap: reason=null_check action=make_not_entrant pc=0x00007f8c4c880cf0 method=com.fasterxml.jackson.databind.type.TypeFactory._fromClass(Lcom/fasterxml/jackson/databind/type/ClassStack;Ljava/lang/Class;Lcom/fasterxml/jackson/databind/type/TypeBind
Event: 12936.323 Thread 0x00007f8bf1393800 Uncommon trap: reason=unstable_if action=reinterpret pc=0x00007f8c4cc9f898 method=jdk.internal.math.FloatingDecimal$BinaryToASCIIBuffer.getChars([C)I @ 56 c2
Event: 12936.323 Thread 0x00007f8bf1393800 Uncommon trap: reason=unstable_if action=reinterpret pc=0x00007f8c4ced3270 method=java.util.Date.getMillisOf(Ljava/util/Date;)J @ 6 c2
Event: 12939.012 Thread 0x00007f8bf1391800 Uncommon trap: reason=null_check action=make_not_entrant pc=0x00007f8c4cc45b98 method=com.mysql.cj.jdbc.result.ResultSetImpl.getDouble(I)D @ 8 c2
Event: 12939.432 Thread 0x00007f8bf1391800 Uncommon trap: reason=unstable_if action=reinterpret pc=0x00007f8c4cc9dfe4 method=jdk.internal.math.FloatingDecimal$BinaryToASCIIBuffer.dtoa(IJIZ)V @ 859 c2
Event: 12939.453 Thread 0x00007f8bf1391800 Uncommon trap: reason=unstable_if action=reinterpret pc=0x00007f8c4d09a4fc method=jdk.internal.math.FloatingDecimal$BinaryToASCIIBuffer.getChars([C)I @ 210 c2
Event: 12939.465 Thread 0x00007f8bf1391800 Uncommon trap: reason=unstable_if action=reinterpret pc=0x00007f8c4cd54348 method=org.apache.catalina.connector.OutputBuffer.appendByteArray([BII)V @ 1 c2

Classes redefined (0 events):
No events

Internal exceptions (10 events):
Event: 12937.308 Thread 0x00007f8bf1392800 Implicit null exception at 0x00007f8c46cda5e5 to 0x00007f8c46cdb10e
Event: 12937.308 Thread 0x00007f8bf1392800 Exception <a 'java/lang/NullPointerException'{0x00000000918a7a98}> (0x00000000918a7a98) thrown at [/opt/mach5/mesos/work_dir/slaves/6e54f4af-e606-43b0-80ce-0a482a5988b6-S182/frameworks/1735e8a2-a1db-478c-8104-60c8b0af87dd-0196/executors/8541cfb5-184d-4b87
Event: 12937.308 Thread 0x00007f8bf1392800 Implicit null exception at 0x00007f8c46cde6b2 to 0x00007f8c46cdef6c
Event: 12937.308 Thread 0x00007f8bf1392800 Exception <a 'java/lang/NullPointerException'{0x00000000918a8010}> (0x00000000918a8010) thrown at [/opt/mach5/mesos/work_dir/slaves/6e54f4af-e606-43b0-80ce-0a482a5988b6-S182/frameworks/1735e8a2-a1db-478c-8104-60c8b0af87dd-0196/executors/8541cfb5-184d-4b87
Event: 12938.399 Thread 0x00007f8bf138e000 Exception <a 'java/lang/ClassCastException'{0x0000000092c62ea0}> (0x0000000092c62ea0) thrown at [/opt/mach5/mesos/work_dir/slaves/6e54f4af-e606-43b0-80ce-0a482a5988b6-S182/frameworks/1735e8a2-a1db-478c-8104-60c8b0af87dd-0196/executors/8541cfb5-184d-4b87-b
Event: 12938.401 Thread 0x00007f8bf1391800 Implicit null exception at 0x00007f8c46cda5e5 to 0x00007f8c46cdb10e
Event: 12938.401 Thread 0x00007f8bf1391800 Exception <a 'java/lang/NullPointerException'{0x0000000092c792c8}> (0x0000000092c792c8) thrown at [/opt/mach5/mesos/work_dir/slaves/6e54f4af-e606-43b0-80ce-0a482a5988b6-S182/frameworks/1735e8a2-a1db-478c-8104-60c8b0af87dd-0196/executors/8541cfb5-184d-4b87
Event: 12938.401 Thread 0x00007f8bf1391800 Implicit null exception at 0x00007f8c46cde6b2 to 0x00007f8c46cdef6c
Event: 12938.401 Thread 0x00007f8bf1391800 Exception <a 'java/lang/NullPointerException'{0x0000000092c79840}> (0x0000000092c79840) thrown at [/opt/mach5/mesos/work_dir/slaves/6e54f4af-e606-43b0-80ce-0a482a5988b6-S182/frameworks/1735e8a2-a1db-478c-8104-60c8b0af87dd-0196/executors/8541cfb5-184d-4b87
Event: 12939.012 Thread 0x00007f8bf1391800 Implicit null exception at 0x00007f8c4cc45878 to 0x00007f8c4cc45b7e

Events (10 events):
Event: 12939.432 Thread 0x00007f8bf1391800 DEOPT UNPACKING pc=0x00007f8c44c096a5 sp=0x00007f8be90e7198 mode 2
Event: 12939.453 Thread 0x00007f8bf1391800 Uncommon trap: trap_request=0xffffff4d fr.pc=0x00007f8c4d09a4fc relative=0x00000000000008fc
Event: 12939.453 Thread 0x00007f8bf1391800 DEOPT PACKING pc=0x00007f8c4d09a4fc sp=0x00007f8be90e72c0
Event: 12939.453 Thread 0x00007f8bf1391800 DEOPT UNPACKING pc=0x00007f8c44c096a5 sp=0x00007f8be90e7270 mode 2
Event: 12939.465 Thread 0x00007f8bf1391800 Uncommon trap: trap_request=0xffffff4d fr.pc=0x00007f8c4cd54348 relative=0x00000000000013e8
Event: 12939.465 Thread 0x00007f8bf1391800 DEOPT PACKING pc=0x00007f8c4cd54348 sp=0x00007f8be90e7010
Event: 12939.465 Thread 0x00007f8bf1391800 DEOPT UNPACKING pc=0x00007f8c44c096a5 sp=0x00007f8be90e6e38 mode 2
Event: 12939.473 Executing VM operation: CGC_Operation
Event: 12939.474 Executing VM operation: CGC_Operation done
Event: 12939.539 Executing VM operation: G1CollectForAllocation


Dynamic libraries:
00400000-00401000 r-xp 00000000 103:01 4981076                           /usr/lib/jvm/jdk-11.0.6/bin/java
00600000-00601000 r--p 00000000 103:01 4981076                           /usr/lib/jvm/jdk-11.0.6/bin/java
00601000-00602000 rw-p 00001000 103:01 4981076                           /usr/lib/jvm/jdk-11.0.6/bin/java
0129c000-012bd000 rw-p 00000000 00:00 0                                  [heap]
85600000-96c00000 rw-p 00000000 00:00 0 
b7800000-100000000 ---p 00000000 00:00 0 
100000000-1008a0000 rw-p 00000000 00:00 0 
1008a0000-140000000 ---p 00000000 00:00 0 
7f8b48000000-7f8b48021000 rw-p 00000000 00:00 0 
7f8b48021000-7f8b4c000000 ---p 00000000 00:00 0 
7f8b4c000000-7f8b4c021000 rw-p 00000000 00:00 0 
7f8b4c021000-7f8b50000000 ---p 00000000 00:00 0 
7f8b50000000-7f8b50021000 rw-p 00000000 00:00 0 
7f8b50021000-7f8b54000000 ---p 00000000 00:00 0 
7f8b54000000-7f8b54021000 rw-p 00000000 00:00 0 
7f8b54021000-7f8b58000000 ---p 00000000 00:00 0 
7f8b58000000-7f8b58021000 rw-p 00000000 00:00 0 
7f8b58021000-7f8b5c000000 ---p 00000000 00:00 0 
7f8b5c000000-7f8b5c021000 rw-p 00000000 00:00 0 
7f8b5c021000-7f8b60000000 ---p 00000000 00:00 0 
7f8b60000000-7f8b60021000 rw-p 00000000 00:00 0 
7f8b60021000-7f8b64000000 ---p 00000000 00:00 0 
7f8b64000000-7f8b64021000 rw-p 00000000 00:00 0 
7f8b64021000-7f8b68000000 ---p 00000000 00:00 0 
7f8b68000000-7f8b68021000 rw-p 00000000 00:00 0 
7f8b68021000-7f8b6c000000 ---p 00000000 00:00 0 
7f8b6c000000-7f8b6c021000 rw-p 00000000 00:00 0 
7f8b6c021000-7f8b70000000 ---p 00000000 00:00 0 
7f8b70000000-7f8b70021000 rw-p 00000000 00:00 0 
7f8b70021000-7f8b74000000 ---p 00000000 00:00 0 
7f8b74000000-7f8b74021000 rw-p 00000000 00:00 0 
7f8b74021000-7f8b78000000 ---p 00000000 00:00 0 
7f8b78000000-7f8b78021000 rw-p 00000000 00:00 0 
7f8b78021000-7f8b7c000000 ---p 00000000 00:00 0 
7f8b7c000000-7f8b7c021000 rw-p 00000000 00:00 0 
7f8b7c021000-7f8b80000000 ---p 00000000 00:00 0 
7f8b80000000-7f8b80021000 rw-p 00000000 00:00 0 
7f8b80021000-7f8b84000000 ---p 00000000 00:00 0 
7f8b84000000-7f8b840ac000 rw-p 00000000 00:00 0 
7f8b840ac000-7f8b88000000 ---p 00000000 00:00 0 
7f8b89a81000-7f8b89d05000 rw-p 00000000 00:00 0 
7f8b89d05000-7f8b89ec5000 ---p 00000000 00:00 0 
7f8b89ec5000-7f8b8a0c5000 rw-p 00000000 00:00 0 
7f8b8a0c5000-7f8b8a2c5000 rw-p 00000000 00:00 0 
7f8b8a2c5000-7f8b8a4c5000 rw-p 00000000 00:00 0 
7f8b8a4c5000-7f8b8a505000 r-xp 00000000 103:01 5113501                   /usr/lib/jvm/jdk-11.0.6/lib/libsunec.so
7f8b8a505000-7f8b8a704000 ---p 00040000 103:01 5113501                   /usr/lib/jvm/jdk-11.0.6/lib/libsunec.so
7f8b8a704000-7f8b8a709000 r--p 0003f000 103:01 5113501                   /usr/lib/jvm/jdk-11.0.6/lib/libsunec.so
7f8b8a709000-7f8b8a70b000 rw-p 00044000 103:01 5113501                   /usr/lib/jvm/jdk-11.0.6/lib/libsunec.so
7f8b8a70b000-7f8b8a90b000 rw-p 00000000 00:00 0 
7f8b8a90b000-7f8b8ab0b000 rw-p 00000000 00:00 0 
7f8b8ab0b000-7f8b8ab0f000 ---p 00000000 00:00 0 
7f8b8ab0f000-7f8b8ae0c000 rw-p 00000000 00:00 0 
7f8b8ae0c000-7f8b8ae10000 ---p 00000000 00:00 0 
7f8b8ae10000-7f8b8af0d000 rw-p 00000000 00:00 0 
7f8b8af0d000-7f8b8af11000 ---p 00000000 00:00 0 
7f8b8af11000-7f8b8b00e000 rw-p 00000000 00:00 0 
7f8b8b00e000-7f8b8b012000 ---p 00000000 00:00 0 
7f8b8b012000-7f8b8b10f000 rw-p 00000000 00:00 0 
7f8b8b10f000-7f8b8b113000 ---p 00000000 00:00 0 
7f8b8b113000-7f8b8b210000 rw-p 00000000 00:00 0 
7f8b8b210000-7f8b8b214000 ---p 00000000 00:00 0 
7f8b8b214000-7f8b8b311000 rw-p 00000000 00:00 0 
7f8b8b311000-7f8b8b315000 ---p 00000000 00:00 0 
7f8b8b315000-7f8b8b412000 rw-p 00000000 00:00 0 
7f8b8b412000-7f8b8b416000 ---p 00000000 00:00 0 
7f8b8b416000-7f8b8b513000 rw-p 00000000 00:00 0 
7f8b8b513000-7f8b8b517000 ---p 00000000 00:00 0 
7f8b8b517000-7f8b8b814000 rw-p 00000000 00:00 0 
7f8b8b8fb000-7f8b8b8ff000 ---p 00000000 00:00 0 
7f8b8b8ff000-7f8b8b9fc000 rw-p 00000000 00:00 0 
7f8b8b9fc000-7f8b8ba00000 ---p 00000000 00:00 0 
7f8b8ba00000-7f8b8bafd000 rw-p 00000000 00:00 0 
7f8b8bafd000-7f8b8bb01000 ---p 00000000 00:00 0 
7f8b8bb01000-7f8b8bbfe000 rw-p 00000000 00:00 0 
7f8b8bbfe000-7f8b8bc02000 ---p 00000000 00:00 0 
7f8b8bc02000-7f8b8bcff000 rw-p 00000000 00:00 0 
7f8b8bcff000-7f8b8bd03000 ---p 00000000 00:00 0 
7f8b8bd03000-7f8b8c000000 rw-p 00000000 00:00 0 
7f8b8c000000-7f8b8c075000 rw-p 00000000 00:00 0 
7f8b8c075000-7f8b90000000 ---p 00000000 00:00 0 
7f8b90000000-7f8b90080000 rw-p 00000000 00:00 0 
7f8b90080000-7f8b94000000 ---p 00000000 00:00 0 
7f8b94000000-7f8b94092000 rw-p 00000000 00:00 0 
7f8b94092000-7f8b98000000 ---p 00000000 00:00 0 
7f8b98000000-7f8b98021000 rw-p 00000000 00:00 0 
7f8b98021000-7f8b9c000000 ---p 00000000 00:00 0 
7f8b9c000000-7f8b9c070000 rw-p 00000000 00:00 0 
7f8b9c070000-7f8ba0000000 ---p 00000000 00:00 0 
7f8ba0000000-7f8ba0115000 rw-p 00000000 00:00 0 
7f8ba0115000-7f8ba4000000 ---p 00000000 00:00 0 
7f8ba4000000-7f8ba4021000 rw-p 00000000 00:00 0 
7f8ba4021000-7f8ba8000000 ---p 00000000 00:00 0 
7f8ba8000000-7f8ba8021000 rw-p 00000000 00:00 0 
7f8ba8021000-7f8bac000000 ---p 00000000 00:00 0 
7f8bac000000-7f8bac021000 rw-p 00000000 00:00 0 
7f8bac021000-7f8bb0000000 ---p 00000000 00:00 0 
7f8bb0000000-7f8bb00f0000 rw-p 00000000 00:00 0 
7f8bb00f0000-7f8bb4000000 ---p 00000000 00:00 0 
7f8bb4000000-7f8bb410b000 rw-p 00000000 00:00 0 
7f8bb410b000-7f8bb8000000 ---p 00000000 00:00 0 
7f8bb8000000-7f8bb8066000 rw-p 00000000 00:00 0 
7f8bb8066000-7f8bbc000000 ---p 00000000 00:00 0 
7f8bbc000000-7f8bbc021000 rw-p 00000000 00:00 0 
7f8bbc021000-7f8bc0000000 ---p 00000000 00:00 0 
7f8bc0000000-7f8bc009d000 rw-p 00000000 00:00 0 
7f8bc009d000-7f8bc4000000 ---p 00000000 00:00 0 
7f8bc4000000-7f8bc4021000 rw-p 00000000 00:00 0 
7f8bc4021000-7f8bc8000000 ---p 00000000 00:00 0 
7f8bc8000000-7f8bc8021000 rw-p 00000000 00:00 0 
7f8bc8021000-7f8bcc000000 ---p 00000000 00:00 0 
7f8bcc000000-7f8bcc071000 rw-p 00000000 00:00 0 
7f8bcc071000-7f8bd0000000 ---p 00000000 00:00 0 
7f8bd0000000-7f8bd0021000 rw-p 00000000 00:00 0 
7f8bd0021000-7f8bd4000000 ---p 00000000 00:00 0 
7f8bd4000000-7f8bd4021000 rw-p 00000000 00:00 0 
7f8bd4021000-7f8bd8000000 ---p 00000000 00:00 0 
7f8bd8000000-7f8bd8030000 rw-p 00000000 00:00 0 
7f8bd8030000-7f8bdc000000 ---p 00000000 00:00 0 
7f8bdc000000-7f8bdc022000 rw-p 00000000 00:00 0 
7f8bdc022000-7f8be0000000 ---p 00000000 00:00 0 
7f8be0000000-7f8be0033000 rw-p 00000000 00:00 0 
7f8be0033000-7f8be4000000 ---p 00000000 00:00 0 
7f8be4000000-7f8be43ca000 rw-p 00000000 00:00 0 
7f8be43ca000-7f8be8000000 ---p 00000000 00:00 0 
7f8be80df000-7f8be80e3000 ---p 00000000 00:00 0 
7f8be80e3000-7f8be83e0000 rw-p 00000000 00:00 0 
7f8be83e0000-7f8be83e4000 ---p 00000000 00:00 0 
7f8be83e4000-7f8be84e1000 rw-p 00000000 00:00 0 
7f8be84e1000-7f8be84e5000 ---p 00000000 00:00 0 
7f8be84e5000-7f8be85e2000 rw-p 00000000 00:00 0 
7f8be85e2000-7f8be85e6000 ---p 00000000 00:00 0 
7f8be85e6000-7f8be86e3000 rw-p 00000000 00:00 0 
7f8be86e3000-7f8be86e7000 ---p 00000000 00:00 0 
7f8be86e7000-7f8be87e4000 rw-p 00000000 00:00 0 
7f8be87e4000-7f8be87e8000 ---p 00000000 00:00 0 
7f8be87e8000-7f8be88e5000 rw-p 00000000 00:00 0 
7f8be88e5000-7f8be88e9000 ---p 00000000 00:00 0 
7f8be88e9000-7f8be89e6000 rw-p 00000000 00:00 0 
7f8be89e6000-7f8be89ea000 ---p 00000000 00:00 0 
7f8be89ea000-7f8be8ae7000 rw-p 00000000 00:00 0 
7f8be8ae7000-7f8be8aeb000 ---p 00000000 00:00 0 
7f8be8aeb000-7f8be8be8000 rw-p 00000000 00:00 0 
7f8be8be8000-7f8be8bec000 ---p 00000000 00:00 0 
7f8be8bec000-7f8be8ce9000 rw-p 00000000 00:00 0 
7f8be8ce9000-7f8be8ced000 ---p 00000000 00:00 0 
7f8be8ced000-7f8be8dea000 rw-p 00000000 00:00 0 
7f8be8dea000-7f8be8dee000 ---p 00000000 00:00 0 
7f8be8dee000-7f8be8eeb000 rw-p 00000000 00:00 0 
7f8be8eeb000-7f8be8eef000 ---p 00000000 00:00 0 
7f8be8eef000-7f8be8fec000 rw-p 00000000 00:00 0 
7f8be8fec000-7f8be8ff0000 ---p 00000000 00:00 0 
7f8be8ff0000-7f8be90ed000 rw-p 00000000 00:00 0 
7f8be90ed000-7f8be90f1000 ---p 00000000 00:00 0 
7f8be90f1000-7f8be93ee000 rw-p 00000000 00:00 0 
7f8be93ee000-7f8be95ee000 rw-p 00000000 00:00 0 
7f8be95ee000-7f8be95f2000 ---p 00000000 00:00 0 
7f8be95f2000-7f8be96ef000 rw-p 00000000 00:00 0 
7f8be96ef000-7f8be96f3000 ---p 00000000 00:00 0 
7f8be96f3000-7f8be97f0000 rw-p 00000000 00:00 0 
7f8be97f0000-7f8be97f4000 ---p 00000000 00:00 0 
7f8be97f4000-7f8be9af1000 rw-p 00000000 00:00 0 
7f8be9af1000-7f8be9af5000 ---p 00000000 00:00 0 
7f8be9af5000-7f8be9df2000 rw-p 00000000 00:00 0 
7f8be9df2000-7f8be9df4000 r-xp 00000000 103:01 5113474                   /usr/lib/jvm/jdk-11.0.6/lib/libextnet.so
7f8be9df4000-7f8be9ff3000 ---p 00002000 103:01 5113474                   /usr/lib/jvm/jdk-11.0.6/lib/libextnet.so
7f8be9ff3000-7f8be9ff4000 r--p 00001000 103:01 5113474                   /usr/lib/jvm/jdk-11.0.6/lib/libextnet.so
7f8be9ff4000-7f8be9ff5000 rw-p 00002000 103:01 5113474                   /usr/lib/jvm/jdk-11.0.6/lib/libextnet.so
7f8be9ff5000-7f8bea1f5000 rw-p 00000000 00:00 0 
7f8bea1f5000-7f8bea3f5000 rw-p 00000000 00:00 0 
7f8bea3f5000-7f8bea5f5000 rw-p 00000000 00:00 0 
7f8bea5f5000-7f8bea7f5000 rw-p 00000000 00:00 0 
7f8bea7f5000-7f8bea9f5000 rw-p 00000000 00:00 0 
7f8bea9f5000-7f8beabf5000 rw-p 00000000 00:00 0 
7f8beabf5000-7f8beadf5000 rw-p 00000000 00:00 0 
7f8beadf5000-7f8beaff5000 rw-p 00000000 00:00 0 
7f8beaff5000-7f8beb1f5000 rw-p 00000000 00:00 0 
7f8beb1f5000-7f8beb1f6000 ---p 00000000 00:00 0 
7f8beb1f6000-7f8beb2f7000 rw-p 00000000 00:00 0 
7f8beb2f7000-7f8beb2f8000 ---p 00000000 00:00 0 
7f8beb2f8000-7f8beb3f9000 rw-p 00000000 00:00 0 
7f8beb3f9000-7f8beb3fa000 ---p 00000000 00:00 0 
7f8beb3fa000-7f8beb4fb000 rw-p 00000000 00:00 0 
7f8beb4fb000-7f8beb4fc000 ---p 00000000 00:00 0 
7f8beb4fc000-7f8beb5fd000 rw-p 00000000 00:00 0 
7f8beb5fd000-7f8beb5fe000 ---p 00000000 00:00 0 
7f8beb5fe000-7f8beb8ff000 rw-p 00000000 00:00 0 
7f8beb8ff000-7f8bebaff000 rw-p 00000000 00:00 0 
7f8bebaff000-7f8bebcff000 rw-p 00000000 00:00 0 
7f8bebcff000-7f8bebeff000 rw-p 00000000 00:00 0 
7f8bebeff000-7f8bebf03000 ---p 00000000 00:00 0 
7f8bebf03000-7f8bec000000 rw-p 00000000 00:00 0 
7f8bec000000-7f8bec02a000 rw-p 00000000 00:00 0 
7f8bec02a000-7f8bf0000000 ---p 00000000 00:00 0 
7f8bf0000000-7f8bf2157000 rw-p 00000000 00:00 0 
7f8bf2157000-7f8bf4000000 ---p 00000000 00:00 0 
7f8bf4000000-7f8bf4057000 rw-p 00000000 00:00 0 
7f8bf4057000-7f8bf8000000 ---p 00000000 00:00 0 
7f8bf8000000-7f8bf8021000 rw-p 00000000 00:00 0 
7f8bf8021000-7f8bfc000000 ---p 00000000 00:00 0 
7f8bfc000000-7f8bfc021000 rw-p 00000000 00:00 0 
7f8bfc021000-7f8c00000000 ---p 00000000 00:00 0 
7f8c00000000-7f8c014a2000 rw-p 00000000 00:00 0 
7f8c014a2000-7f8c04000000 ---p 00000000 00:00 0 
7f8c04000000-7f8c04050000 rw-p 00000000 00:00 0 
7f8c04050000-7f8c08000000 ---p 00000000 00:00 0 
7f8c08000000-7f8c08021000 rw-p 00000000 00:00 0 
7f8c08021000-7f8c0c000000 ---p 00000000 00:00 0 
7f8c0c000000-7f8c0ced1000 rw-p 00000000 00:00 0 
7f8c0ced1000-7f8c10000000 ---p 00000000 00:00 0 
7f8c10000000-7f8c100e9000 rw-p 00000000 00:00 0 
7f8c100e9000-7f8c14000000 ---p 00000000 00:00 0 
7f8c14000000-7f8c14021000 rw-p 00000000 00:00 0 
7f8c14021000-7f8c18000000 ---p 00000000 00:00 0 
7f8c18000000-7f8c1a2fa000 rw-p 00000000 00:00 0 
7f8c1a2fa000-7f8c1c000000 ---p 00000000 00:00 0 
7f8c1c000000-7f8c1c021000 rw-p 00000000 00:00 0 
7f8c1c021000-7f8c20000000 ---p 00000000 00:00 0 
7f8c20000000-7f8c20021000 rw-p 00000000 00:00 0 
7f8c20021000-7f8c24000000 ---p 00000000 00:00 0 
7f8c24000000-7f8c24021000 rw-p 00000000 00:00 0 
7f8c24021000-7f8c28000000 ---p 00000000 00:00 0 
7f8c28000000-7f8c28460000 rw-p 00000000 00:00 0 
7f8c28460000-7f8c2c000000 ---p 00000000 00:00 0 
7f8c2c000000-7f8c2c021000 rw-p 00000000 00:00 0 
7f8c2c021000-7f8c30000000 ---p 00000000 00:00 0 
7f8c30000000-7f8c30065000 rw-p 00000000 00:00 0 
7f8c30065000-7f8c34000000 ---p 00000000 00:00 0 
7f8c340f0000-7f8c342f0000 rw-p 00000000 00:00 0 
7f8c342f0000-7f8c342f4000 ---p 00000000 00:00 0 
7f8c342f4000-7f8c343f1000 rw-p 00000000 00:00 0 
7f8c343f1000-7f8c343f2000 ---p 00000000 00:00 0 
7f8c343f2000-7f8c344f3000 rw-p 00000000 00:00 0 
7f8c344f3000-7f8c344f4000 ---p 00000000 00:00 0 
7f8c344f4000-7f8c345f5000 rw-p 00000000 00:00 0 
7f8c345f5000-7f8c345f6000 ---p 00000000 00:00 0 
7f8c345f6000-7f8c346f7000 rw-p 00000000 00:00 0 
7f8c346f7000-7f8c346fb000 ---p 00000000 00:00 0 
7f8c346fb000-7f8c347f8000 rw-p 00000000 00:00 0 
7f8c347f8000-7f8c347fd000 r-xp 00000000 103:01 5113492                   /usr/lib/jvm/jdk-11.0.6/lib/libmanagement_ext.so
7f8c347fd000-7f8c349fc000 ---p 00005000 103:01 5113492                   /usr/lib/jvm/jdk-11.0.6/lib/libmanagement_ext.so
7f8c349fc000-7f8c349fd000 r--p 00004000 103:01 5113492                   /usr/lib/jvm/jdk-11.0.6/lib/libmanagement_ext.so
7f8c349fd000-7f8c349fe000 rw-p 00005000 103:01 5113492                   /usr/lib/jvm/jdk-11.0.6/lib/libmanagement_ext.so
7f8c349fe000-7f8c34a02000 r-xp 00000000 103:01 5113490                   /usr/lib/jvm/jdk-11.0.6/lib/libmanagement.so
7f8c34a02000-7f8c34c01000 ---p 00004000 103:01 5113490                   /usr/lib/jvm/jdk-11.0.6/lib/libmanagement.so
7f8c34c01000-7f8c34c02000 r--p 00003000 103:01 5113490                   /usr/lib/jvm/jdk-11.0.6/lib/libmanagement.so
7f8c34c02000-7f8c34c03000 rw-p 00004000 103:01 5113490                   /usr/lib/jvm/jdk-11.0.6/lib/libmanagement.so
7f8c34c03000-7f8c34e03000 rw-p 00000000 00:00 0 
7f8c34e03000-7f8c34e1a000 r-xp 00000000 103:01 5113494                   /usr/lib/jvm/jdk-11.0.6/lib/libnet.so
7f8c34e1a000-7f8c35019000 ---p 00017000 103:01 5113494                   /usr/lib/jvm/jdk-11.0.6/lib/libnet.so
7f8c35019000-7f8c3501a000 r--p 00016000 103:01 5113494                   /usr/lib/jvm/jdk-11.0.6/lib/libnet.so
7f8c3501a000-7f8c3501b000 rw-p 00017000 103:01 5113494                   /usr/lib/jvm/jdk-11.0.6/lib/libnet.so
7f8c3501b000-7f8c3502b000 r-xp 00000000 103:01 5113495                   /usr/lib/jvm/jdk-11.0.6/lib/libnio.so
7f8c3502b000-7f8c3522a000 ---p 00010000 103:01 5113495                   /usr/lib/jvm/jdk-11.0.6/lib/libnio.so
7f8c3522a000-7f8c3522b000 r--p 0000f000 103:01 5113495                   /usr/lib/jvm/jdk-11.0.6/lib/libnio.so
7f8c3522b000-7f8c3522c000 rw-p 00010000 103:01 5113495                   /usr/lib/jvm/jdk-11.0.6/lib/libnio.so
7f8c3522c000-7f8c35230000 ---p 00000000 00:00 0 
7f8c35230000-7f8c3532d000 rw-p 00000000 00:00 0 
7f8c3532d000-7f8c3532e000 ---p 00000000 00:00 0 
7f8c3532e000-7f8c3542f000 rw-p 00000000 00:00 0 
7f8c3542f000-7f8c35433000 ---p 00000000 00:00 0 
7f8c35433000-7f8c35530000 rw-p 00000000 00:00 0 
7f8c35530000-7f8c35534000 ---p 00000000 00:00 0 
7f8c35534000-7f8c35631000 rw-p 00000000 00:00 0 
7f8c35631000-7f8c36000000 r--p 00000000 103:01 4856421                   /usr/lib/locale/locale-archive
7f8c36000000-7f8c38000000 rw-p 00000000 00:00 0 
7f8c38000000-7f8c38021000 rw-p 00000000 00:00 0 
7f8c38021000-7f8c3c000000 ---p 00000000 00:00 0 
7f8c3c0ae000-7f8c3c0b2000 ---p 00000000 00:00 0 
7f8c3c0b2000-7f8c3c1af000 rw-p 00000000 00:00 0 
7f8c3c1af000-7f8c3c1b3000 ---p 00000000 00:00 0 
7f8c3c1b3000-7f8c3c708000 rw-p 00000000 00:00 0 
7f8c3c708000-7f8c3e158000 ---p 00000000 00:00 0 
7f8c3e158000-7f8c3e5b0000 rw-p 00000000 00:00 0 
7f8c3e5b0000-7f8c40000000 ---p 00000000 00:00 0 
7f8c40000000-7f8c40021000 rw-p 00000000 00:00 0 
7f8c40021000-7f8c44000000 ---p 00000000 00:00 0 
7f8c440de000-7f8c440e2000 ---p 00000000 00:00 0 
7f8c440e2000-7f8c441df000 rw-p 00000000 00:00 0 
7f8c441df000-7f8c441e3000 ---p 00000000 00:00 0 
7f8c441e3000-7f8c442e0000 rw-p 00000000 00:00 0 
7f8c442e0000-7f8c442e4000 ---p 00000000 00:00 0 
7f8c442e4000-7f8c44be1000 rw-p 00000000 00:00 0 
7f8c44be1000-7f8c44e51000 rwxp 00000000 00:00 0 
7f8c44e51000-7f8c45172000 ---p 00000000 00:00 0 
7f8c45172000-7f8c46f12000 rwxp 00000000 00:00 0 
7f8c46f12000-7f8c4c6a9000 ---p 00000000 00:00 0 
7f8c4c6a9000-7f8c4d0a9000 rwxp 00000000 00:00 0 
7f8c4d0a9000-7f8c53be1000 ---p 00000000 00:00 0 
7f8c53be1000-7f8c5c000000 r--s 00000000 103:01 5113505                   /usr/lib/jvm/jdk-11.0.6/lib/modules
7f8c5c000000-7f8c5c903000 rw-p 00000000 00:00 0 
7f8c5c903000-7f8c60000000 ---p 00000000 00:00 0 
7f8c60034000-7f8c60065000 rw-p 00000000 00:00 0 
7f8c60065000-7f8c60066000 ---p 00000000 00:00 0 
7f8c60066000-7f8c6026b000 rw-p 00000000 00:00 0 
7f8c6026b000-7f8c6026c000 ---p 00000000 00:00 0 
7f8c6026c000-7f8c6036d000 rw-p 00000000 00:00 0 
7f8c6036d000-7f8c6036e000 ---p 00000000 00:00 0 
7f8c6036e000-7f8c60c77000 rw-p 00000000 00:00 0 
7f8c60c77000-7f8c60c78000 ---p 00000000 00:00 0 
7f8c60c78000-7f8c60d79000 rw-p 00000000 00:00 0 
7f8c60d79000-7f8c60d7a000 ---p 00000000 00:00 0 
7f8c60d7a000-7f8c60f06000 rw-p 00000000 00:00 0 
7f8c60f06000-7f8c61250000 ---p 00000000 00:00 0 
7f8c61250000-7f8c612db000 rw-p 00000000 00:00 0 
7f8c612db000-7f8c61625000 ---p 00000000 00:00 0 
7f8c61625000-7f8c616b0000 rw-p 00000000 00:00 0 
7f8c616b0000-7f8c619fa000 ---p 00000000 00:00 0 
7f8c619fa000-7f8c62202000 rw-p 00000000 00:00 0 
7f8c62202000-7f8c62203000 ---p 00000000 00:00 0 
7f8c62203000-7f8c62318000 rw-p 00000000 00:00 0 
7f8c62318000-7f8c623ef000 ---p 00000000 00:00 0 
7f8c623ef000-7f8c6242b000 rw-p 00000000 00:00 0 
7f8c6242b000-7f8c624da000 ---p 00000000 00:00 0 
7f8c624da000-7f8c624f5000 r-xp 00000000 103:01 5113486                   /usr/lib/jvm/jdk-11.0.6/lib/libjimage.so
7f8c624f5000-7f8c626f4000 ---p 0001b000 103:01 5113486                   /usr/lib/jvm/jdk-11.0.6/lib/libjimage.so
7f8c626f4000-7f8c626f6000 r--p 0001a000 103:01 5113486                   /usr/lib/jvm/jdk-11.0.6/lib/libjimage.so
7f8c626f6000-7f8c626f7000 rw-p 0001c000 103:01 5113486                   /usr/lib/jvm/jdk-11.0.6/lib/libjimage.so
7f8c626f7000-7f8c626fe000 r-xp 00000000 103:01 5113504                   /usr/lib/jvm/jdk-11.0.6/lib/libzip.so
7f8c626fe000-7f8c628fd000 ---p 00007000 103:01 5113504                   /usr/lib/jvm/jdk-11.0.6/lib/libzip.so
7f8c628fd000-7f8c628fe000 r--p 00006000 103:01 5113504                   /usr/lib/jvm/jdk-11.0.6/lib/libzip.so
7f8c628fe000-7f8c628ff000 rw-p 00007000 103:01 5113504                   /usr/lib/jvm/jdk-11.0.6/lib/libzip.so
7f8c628ff000-7f8c6290a000 r-xp 00000000 103:01 14160933                  /lib/x86_64-linux-gnu/libnss_files-2.27.so
7f8c6290a000-7f8c62b09000 ---p 0000b000 103:01 14160933                  /lib/x86_64-linux-gnu/libnss_files-2.27.so
7f8c62b09000-7f8c62b0a000 r--p 0000a000 103:01 14160933                  /lib/x86_64-linux-gnu/libnss_files-2.27.so
7f8c62b0a000-7f8c62b0b000 rw-p 0000b000 103:01 14160933                  /lib/x86_64-linux-gnu/libnss_files-2.27.so
7f8c62b0b000-7f8c62b11000 rw-p 00000000 00:00 0 
7f8c62b11000-7f8c62b28000 r-xp 00000000 103:01 14160927                  /lib/x86_64-linux-gnu/libnsl-2.27.so
7f8c62b28000-7f8c62d27000 ---p 00017000 103:01 14160927                  /lib/x86_64-linux-gnu/libnsl-2.27.so
7f8c62d27000-7f8c62d28000 r--p 00016000 103:01 14160927                  /lib/x86_64-linux-gnu/libnsl-2.27.so
7f8c62d28000-7f8c62d29000 rw-p 00017000 103:01 14160927                  /lib/x86_64-linux-gnu/libnsl-2.27.so
7f8c62d29000-7f8c62d2b000 rw-p 00000000 00:00 0 
7f8c62d2b000-7f8c62d36000 r-xp 00000000 103:01 14160944                  /lib/x86_64-linux-gnu/libnss_nis-2.27.so
7f8c62d36000-7f8c62f35000 ---p 0000b000 103:01 14160944                  /lib/x86_64-linux-gnu/libnss_nis-2.27.so
7f8c62f35000-7f8c62f36000 r--p 0000a000 103:01 14160944                  /lib/x86_64-linux-gnu/libnss_nis-2.27.so
7f8c62f36000-7f8c62f37000 rw-p 0000b000 103:01 14160944                  /lib/x86_64-linux-gnu/libnss_nis-2.27.so
7f8c62f37000-7f8c62f3f000 r-xp 00000000 103:01 14160929                  /lib/x86_64-linux-gnu/libnss_compat-2.27.so
7f8c62f3f000-7f8c6313f000 ---p 00008000 103:01 14160929                  /lib/x86_64-linux-gnu/libnss_compat-2.27.so
7f8c6313f000-7f8c63140000 r--p 00008000 103:01 14160929                  /lib/x86_64-linux-gnu/libnss_compat-2.27.so
7f8c63140000-7f8c63141000 rw-p 00009000 103:01 14160929                  /lib/x86_64-linux-gnu/libnss_compat-2.27.so
7f8c63141000-7f8c6316a000 r-xp 00000000 103:01 5113482                   /usr/lib/jvm/jdk-11.0.6/lib/libjava.so
7f8c6316a000-7f8c63369000 ---p 00029000 103:01 5113482                   /usr/lib/jvm/jdk-11.0.6/lib/libjava.so
7f8c63369000-7f8c6336a000 r--p 00028000 103:01 5113482                   /usr/lib/jvm/jdk-11.0.6/lib/libjava.so
7f8c6336a000-7f8c6336c000 rw-p 00029000 103:01 5113482                   /usr/lib/jvm/jdk-11.0.6/lib/libjava.so
7f8c6336c000-7f8c63379000 r-xp 00000000 103:01 5113503                   /usr/lib/jvm/jdk-11.0.6/lib/libverify.so
7f8c63379000-7f8c63578000 ---p 0000d000 103:01 5113503                   /usr/lib/jvm/jdk-11.0.6/lib/libverify.so
7f8c63578000-7f8c6357a000 r--p 0000c000 103:01 5113503                   /usr/lib/jvm/jdk-11.0.6/lib/libverify.so
7f8c6357a000-7f8c6357b000 rw-p 0000e000 103:01 5113503                   /usr/lib/jvm/jdk-11.0.6/lib/libverify.so
7f8c6357b000-7f8c63582000 r-xp 00000000 103:01 14160984                  /lib/x86_64-linux-gnu/librt-2.27.so
7f8c63582000-7f8c63781000 ---p 00007000 103:01 14160984                  /lib/x86_64-linux-gnu/librt-2.27.so
7f8c63781000-7f8c63782000 r--p 00006000 103:01 14160984                  /lib/x86_64-linux-gnu/librt-2.27.so
7f8c63782000-7f8c63783000 rw-p 00007000 103:01 14160984                  /lib/x86_64-linux-gnu/librt-2.27.so
7f8c63783000-7f8c63920000 r-xp 00000000 103:01 14160906                  /lib/x86_64-linux-gnu/libm-2.27.so
7f8c63920000-7f8c63b1f000 ---p 0019d000 103:01 14160906                  /lib/x86_64-linux-gnu/libm-2.27.so
7f8c63b1f000-7f8c63b20000 r--p 0019c000 103:01 14160906                  /lib/x86_64-linux-gnu/libm-2.27.so
7f8c63b20000-7f8c63b21000 rw-p 0019d000 103:01 14160906                  /lib/x86_64-linux-gnu/libm-2.27.so
7f8c63b21000-7f8c64c62000 r-xp 00000000 103:01 5113516                   /usr/lib/jvm/jdk-11.0.6/lib/server/libjvm.so
7f8c64c62000-7f8c64e62000 ---p 01141000 103:01 5113516                   /usr/lib/jvm/jdk-11.0.6/lib/server/libjvm.so
7f8c64e62000-7f8c64f20000 r--p 01141000 103:01 5113516                   /usr/lib/jvm/jdk-11.0.6/lib/server/libjvm.so
7f8c64f20000-7f8c64f59000 rw-p 011ff000 103:01 5113516                   /usr/lib/jvm/jdk-11.0.6/lib/server/libjvm.so
7f8c64f59000-7f8c64fb0000 rw-p 00000000 00:00 0 
7f8c64fb0000-7f8c65197000 r-xp 00000000 103:01 14160843                  /lib/x86_64-linux-gnu/libc-2.27.so
7f8c65197000-7f8c65397000 ---p 001e7000 103:01 14160843                  /lib/x86_64-linux-gnu/libc-2.27.so
7f8c65397000-7f8c6539b000 r--p 001e7000 103:01 14160843                  /lib/x86_64-linux-gnu/libc-2.27.so
7f8c6539b000-7f8c6539d000 rw-p 001eb000 103:01 14160843                  /lib/x86_64-linux-gnu/libc-2.27.so
7f8c6539d000-7f8c653a1000 rw-p 00000000 00:00 0 
7f8c653a1000-7f8c653a4000 r-xp 00000000 103:01 14160866                  /lib/x86_64-linux-gnu/libdl-2.27.so
7f8c653a4000-7f8c655a3000 ---p 00003000 103:01 14160866                  /lib/x86_64-linux-gnu/libdl-2.27.so
7f8c655a3000-7f8c655a4000 r--p 00002000 103:01 14160866                  /lib/x86_64-linux-gnu/libdl-2.27.so
7f8c655a4000-7f8c655a5000 rw-p 00003000 103:01 14160866                  /lib/x86_64-linux-gnu/libdl-2.27.so
7f8c655a5000-7f8c655b5000 r-xp 00000000 103:01 5113464                   /usr/lib/jvm/jdk-11.0.6/lib/jli/libjli.so
7f8c655b5000-7f8c657b4000 ---p 00010000 103:01 5113464                   /usr/lib/jvm/jdk-11.0.6/lib/jli/libjli.so
7f8c657b4000-7f8c657b5000 r--p 0000f000 103:01 5113464                   /usr/lib/jvm/jdk-11.0.6/lib/jli/libjli.so
7f8c657b5000-7f8c657b6000 rw-p 00010000 103:01 5113464                   /usr/lib/jvm/jdk-11.0.6/lib/jli/libjli.so
7f8c657b6000-7f8c657d0000 r-xp 00000000 103:01 14160976                  /lib/x86_64-linux-gnu/libpthread-2.27.so
7f8c657d0000-7f8c659cf000 ---p 0001a000 103:01 14160976                  /lib/x86_64-linux-gnu/libpthread-2.27.so
7f8c659cf000-7f8c659d0000 r--p 00019000 103:01 14160976                  /lib/x86_64-linux-gnu/libpthread-2.27.so
7f8c659d0000-7f8c659d1000 rw-p 0001a000 103:01 14160976                  /lib/x86_64-linux-gnu/libpthread-2.27.so
7f8c659d1000-7f8c659d5000 rw-p 00000000 00:00 0 
7f8c659d5000-7f8c659f1000 r-xp 00000000 103:01 14161015                  /lib/x86_64-linux-gnu/libz.so.1.2.11
7f8c659f1000-7f8c65bf0000 ---p 0001c000 103:01 14161015                  /lib/x86_64-linux-gnu/libz.so.1.2.11
7f8c65bf0000-7f8c65bf1000 r--p 0001b000 103:01 14161015                  /lib/x86_64-linux-gnu/libz.so.1.2.11
7f8c65bf1000-7f8c65bf2000 rw-p 0001c000 103:01 14161015                  /lib/x86_64-linux-gnu/libz.so.1.2.11
7f8c65bf2000-7f8c65c19000 r-xp 00000000 103:01 14160815                  /lib/x86_64-linux-gnu/ld-2.27.so
7f8c65c3d000-7f8c65cfe000 rw-p 00000000 00:00 0 
7f8c65cfe000-7f8c65d02000 ---p 00000000 00:00 0 
7f8c65d02000-7f8c65e08000 rw-p 00000000 00:00 0 
7f8c65e08000-7f8c65e0f000 ---p 00000000 00:00 0 
7f8c65e0f000-7f8c65e17000 rw-s 00000000 103:01 8923775                   /tmp/hsperfdata_altius/31001
7f8c65e17000-7f8c65e18000 ---p 00000000 00:00 0 
7f8c65e18000-7f8c65e19000 r--p 00000000 00:00 0 
7f8c65e19000-7f8c65e1a000 r--p 00027000 103:01 14160815                  /lib/x86_64-linux-gnu/ld-2.27.so
7f8c65e1a000-7f8c65e1b000 rw-p 00028000 103:01 14160815                  /lib/x86_64-linux-gnu/ld-2.27.so
7f8c65e1b000-7f8c65e1c000 rw-p 00000000 00:00 0 
7ffc5950a000-7ffc5952e000 rw-p 00000000 00:00 0                          [stack]
7ffc59537000-7ffc5953a000 r--p 00000000 00:00 0                          [vvar]
7ffc5953a000-7ffc5953b000 r-xp 00000000 00:00 0                          [vdso]
ffffffffff600000-ffffffffff601000 r-xp 00000000 00:00 0                  [vsyscall]


VM Arguments:
java_command: cc.altius.FASP.WebApplication
java_class_path (initial): /home/altius/NetBeansProjects/fasp-api/target/classes:/home/altius/.m2/repository/org/springframework/boot/spring-boot-starter-web/2.2.6.RELEASE/spring-boot-starter-web-2.2.6.RELEASE.jar:/home/altius/.m2/repository/org/springframework/boot/spring-boot-starter/2.2.6.RELEASE/spring-boot-starter-2.2.6.RELEASE.jar:/home/altius/.m2/repository/org/springframework/boot/spring-boot-starter-logging/2.2.6.RELEASE/spring-boot-starter-logging-2.2.6.RELEASE.jar:/home/altius/.m2/repository/ch/qos/logback/logback-classic/1.2.3/logback-classic-1.2.3.jar:/home/altius/.m2/repository/ch/qos/logback/logback-core/1.2.3/logback-core-1.2.3.jar:/home/altius/.m2/repository/org/apache/logging/log4j/log4j-to-slf4j/2.12.1/log4j-to-slf4j-2.12.1.jar:/home/altius/.m2/repository/org/apache/logging/log4j/log4j-api/2.12.1/log4j-api-2.12.1.jar:/home/altius/.m2/repository/org/slf4j/jul-to-slf4j/1.7.30/jul-to-slf4j-1.7.30.jar:/home/altius/.m2/repository/org/springframework/spring-core/5.2.5.RELEASE/spring-core-5.2.5.RELEASE.jar:/home/altius/.m2/repository/org/springframework/spring-jcl/5.2.5.RELEASE/spring-jcl-5.2.5.RELEASE.jar:/home/altius/.m2/repository/org/yaml/snakeyaml/1.25/snakeyaml-1.25.jar:/home/altius/.m2/repository/org/springframework/boot/spring-boot-starter-json/2.2.6.RELEASE/spring-boot-starter-json-2.2.6.RELEASE.jar:/home/altius/.m2/repository/com/fasterxml/jackson/datatype/jackson-datatype-jdk8/2.10.3/jackson-datatype-jdk8-2.10.3.jar:/home/altius/.m2/repository/com/fasterxml/jackson/datatype/jackson-datatype-jsr310/2.10.3/jackson-datatype-jsr310-2.10.3.jar:/home/altius/.m2/repository/com/fasterxml/jackson/module/jackson-module-parameter-names/2.10.3/jackson-module-parameter-names-2.10.3.jar:/home/altius/.m2/repository/org/springframework/boot/spring-boot-starter-validation/2.2.6.RELEASE/spring-boot-starter-validation-2.2.6.RELEASE.jar:/home/altius/.m2/repository/jakarta/validation/jakarta.validation-api/2.0.2/jakarta.validation-api-2.0.2.jar:/home/altius/.m2/
Launcher Type: SUN_STANDARD

[Global flags]
     intx CICompilerCount                          = 4                                         {product} {ergonomic}
     uint ConcGCThreads                            = 2                                         {product} {ergonomic}
     uint G1ConcRefinementThreads                  = 8                                         {product} {ergonomic}
   size_t G1HeapRegionSize                         = 1048576                                   {product} {ergonomic}
    uintx GCDrainStackTargetSize                   = 64                                        {product} {ergonomic}
   size_t InitialHeapSize                          = 130023424                                 {product} {ergonomic}
   size_t MarkStackSize                            = 4194304                                   {product} {ergonomic}
   size_t MaxHeapSize                              = 2057306112                                {product} {ergonomic}
   size_t MaxNewSize                               = 1234173952                                {product} {ergonomic}
   size_t MinHeapDeltaBytes                        = 1048576                                   {product} {ergonomic}
    uintx NonNMethodCodeHeapSize                   = 5836300                                {pd product} {ergonomic}
    uintx NonProfiledCodeHeapSize                  = 122910970                              {pd product} {ergonomic}
    uintx ProfiledCodeHeapSize                     = 122910970                              {pd product} {ergonomic}
    uintx ReservedCodeCacheSize                    = 251658240                              {pd product} {ergonomic}
     bool SegmentedCodeCache                       = true                                      {product} {ergonomic}
     bool UseCompressedClassPointers               = true                                 {lp64_product} {ergonomic}
     bool UseCompressedOops                        = true                                 {lp64_product} {ergonomic}
     bool UseG1GC                                  = true                                      {product} {ergonomic}

Logging:
Log output configuration:
 #0: stdout all=warning uptime,level,tags
 #1: stderr all=off uptime,level,tags

Environment Variables:
JAVA_HOME=/usr/lib/jvm/jdk-11.0.6
PATH=/usr/local/sbin:/usr/local/bin:/usr/sbin:/usr/bin:/sbin:/bin:/usr/games:/usr/local/games:/usr/lib/jvm/jdk-11/bin:/snap/bin:/usr/lib/jvm/jdk-11/bin
USERNAME=altius
SHELL=/bin/bash
DISPLAY=:0

Signal Handlers:
SIGSEGV: [libjvm.so+0xe2c860], sa_mask[0]=11111111011111111101111111111110, sa_flags=SA_RESTART|SA_SIGINFO
SIGBUS: [libjvm.so+0xe2c860], sa_mask[0]=11111111011111111101111111111110, sa_flags=SA_RESTART|SA_SIGINFO
SIGFPE: [libjvm.so+0xe2c860], sa_mask[0]=11111111011111111101111111111110, sa_flags=SA_RESTART|SA_SIGINFO
SIGPIPE: [libjvm.so+0xbff730], sa_mask[0]=11111111011111111101111111111110, sa_flags=SA_RESTART|SA_SIGINFO
SIGXFSZ: [libjvm.so+0xbff730], sa_mask[0]=11111111011111111101111111111110, sa_flags=SA_RESTART|SA_SIGINFO
SIGILL: [libjvm.so+0xe2c860], sa_mask[0]=11111111011111111101111111111110, sa_flags=SA_RESTART|SA_SIGINFO
SIGUSR2: [libjvm.so+0xbff5d0], sa_mask[0]=00100000000000000000000000000000, sa_flags=SA_RESTART|SA_SIGINFO
SIGHUP: [libjvm.so+0xbff930], sa_mask[0]=11111111011111111101111111111110, sa_flags=SA_RESTART|SA_SIGINFO
SIGINT: SIG_IGN, sa_mask[0]=00000000000000000000000000000000, sa_flags=none
SIGTERM: [libjvm.so+0xbff930], sa_mask[0]=11111111011111111101111111111110, sa_flags=SA_RESTART|SA_SIGINFO
SIGQUIT: [libjvm.so+0xbff930], sa_mask[0]=11111111011111111101111111111110, sa_flags=SA_RESTART|SA_SIGINFO


---------------  S Y S T E M  ---------------

OS:DISTRIB_ID=Ubuntu
DISTRIB_RELEASE=18.04
DISTRIB_CODENAME=bionic
DISTRIB_DESCRIPTION="Ubuntu 18.04.3 LTS"
uname:Linux 5.0.0-23-generic #24~18.04.1-Ubuntu SMP Mon Jul 29 16:12:28 UTC 2019 x86_64
libc:glibc 2.27 NPTL 2.27 
rlimit: STACK 8192k, CORE 0k, NPROC 31192, NOFILE 1048576, AS infinity, DATA infinity, FSIZE infinity
load average:8.58 5.88 4.77

/proc/meminfo:
MemTotal:        8032984 kB
MemFree:          132332 kB
MemAvailable:     364204 kB
Buffers:           14260 kB
Cached:           785272 kB
SwapCached:         9468 kB
Active:          6394600 kB
Inactive:         995852 kB
Active(anon):    6205476 kB
Inactive(anon):   803408 kB
Active(file):     189124 kB
Inactive(file):   192444 kB
Unevictable:         980 kB
Mlocked:              88 kB
SwapTotal:       2097148 kB
SwapFree:             32 kB
Dirty:               144 kB
Writeback:             0 kB
AnonPages:       6584136 kB
Mapped:           495224 kB
Shmem:            417276 kB
KReclaimable:     140452 kB
Slab:             241080 kB
SReclaimable:     140452 kB
SUnreclaim:       100628 kB
KernelStack:       25792 kB
PageTables:       117448 kB
NFS_Unstable:          0 kB
Bounce:                0 kB
WritebackTmp:          0 kB
CommitLimit:     6113640 kB
Committed_AS:   19240404 kB
VmallocTotal:   34359738367 kB
VmallocUsed:           0 kB
VmallocChunk:          0 kB
Percpu:             2528 kB
HardwareCorrupted:     0 kB
AnonHugePages:         0 kB
ShmemHugePages:        0 kB
ShmemPmdMapped:        0 kB
CmaTotal:              0 kB
CmaFree:               0 kB
HugePages_Total:       0
HugePages_Free:        0
HugePages_Rsvd:        0
HugePages_Surp:        0
Hugepagesize:       2048 kB
Hugetlb:               0 kB
DirectMap4k:      396452 kB
DirectMap2M:     7860224 kB
DirectMap1G:           0 kB


/proc/sys/kernel/threads-max (system-wide limit on the number of threads):
62384


/proc/sys/vm/max_map_count (maximum number of memory map areas a process may have):
65530


/proc/sys/kernel/pid_max (system-wide limit on number of process identifiers):
32768



container (cgroup) information:
container_type: cgroupv1
cpu_cpuset_cpus: 0-7
cpu_memory_nodes: 0
active_processor_count: 8
cpu_quota: -1
cpu_period: 100000
cpu_shares: -1
memory_limit_in_bytes: -1
memory_and_swap_limit_in_bytes: -2
memory_soft_limit_in_bytes: -1
memory_usage_in_bytes: 7569416192
memory_max_usage_in_bytes: 1241600000


CPU:total 8 (initial active 8) (4 cores per cpu, 2 threads per core) family 6 model 142 stepping 12, cmov, cx8, fxsr, mmx, sse, sse2, sse3, ssse3, sse4.1, sse4.2, popcnt, avx, avx2, aes, clmul, erms, 3dnowpref, lzcnt, ht, tsc, tscinvbit, bmi1, bmi2, adx, fma
CPU Model and flags from /proc/cpuinfo:
model name	: Intel(R) Core(TM) i5-8265U CPU @ 1.60GHz
flags		: fpu vme de pse tsc msr pae mce cx8 apic sep mtrr pge mca cmov pat pse36 clflush dts acpi mmx fxsr sse sse2 ss ht tm pbe syscall nx pdpe1gb rdtscp lm constant_tsc art arch_perfmon pebs bts rep_good nopl xtopology nonstop_tsc cpuid aperfmperf tsc_known_freq pni pclmulqdq dtes64 monitor ds_cpl vmx est tm2 ssse3 sdbg fma cx16 xtpr pdcm pcid sse4_1 sse4_2 x2apic movbe popcnt tsc_deadline_timer aes xsave avx f16c rdrand lahf_lm abm 3dnowprefetch cpuid_fault epb invpcid_single ssbd ibrs ibpb stibp ibrs_enhanced tpr_shadow vnmi flexpriority ept vpid ept_ad fsgsbase tsc_adjust bmi1 avx2 smep bmi2 erms invpcid mpx rdseed adx smap clflushopt intel_pt xsaveopt xsavec xgetbv1 xsaves dtherm ida arat pln pts hwp hwp_notify hwp_act_window hwp_epp md_clear flush_l1d arch_capabilities

Memory: 4k page, physical 8032984k(132332k free), swap 2097148k(32k free)

vm_info: Java HotSpot(TM) 64-Bit Server VM (11.0.6+8-LTS) for linux-amd64 JRE (11.0.6+8-LTS), built on Dec 11 2019 09:23:32 by "mach5one" with gcc 7.3.0

END.
